#
# There is insufficient memory for the Java Runtime Environment to continue.
# Native memory allocation (mmap) failed to map 287309824 bytes for G1 virtual space
# Possible reasons:
#   The system is out of physical RAM or swap space
#   The process is running with CompressedOops enabled, and the Java Heap may be blocking the growth of the native heap
# Possible solutions:
#   Reduce memory load on the system
#   Increase physical memory or swap space
#   Check if swap backing store is full
#   Decrease Java heap size (-Xmx/-Xms)
#   Decrease number of Java threads
#   Decrease Java thread stack sizes (-Xss)
#   Set larger code cache with -XX:ReservedCodeCacheSize=
#   JVM is running with Unscaled Compressed Oops mode in which the Java heap is
#     placed in the first 4GB address space. The Java Heap base address is the
#     maximum limit for the native heap growth. Please use -XX:HeapBaseMinAddress
#     to set the Java Heap base and to place the Java Heap above 4GB virtual address.
# This output file may be truncated or incomplete.
#
#  Out of Memory Error (os_windows.cpp:3550), pid=3176, tid=7600
#
# JRE version: Java(TM) SE Runtime Environment (17.0.8+9) (build 17.0.8+9-LTS-211)
# Java VM: Java HotSpot(TM) 64-Bit Server VM (17.0.8+9-LTS-211, mixed mode, sharing, tiered, compressed oops, compressed class ptrs, g1 gc, windows-amd64)
# Core dump will be written. Default location: C:\Users\Administrator\Downloads\src apollo\HOKAGE\hs_err_pid3176.mdmp
#

---------------  S U M M A R Y ------------

Command Line: threading.Server

Host: Intel(R) Xeon(R) CPU E5-2696 v4 @ 2.20GHz, 2 cores, 3G,  Windows Server 2012 R2 , 64 bit Build 9600 (6.3.9600.19843)
Time: Tue Sep 19 20:51:12 2023 SE Asia Standard Time elapsed time: 1132.409161 seconds (0d 0h 18m 52s)

---------------  T H R E A D  ---------------

Current thread (0x000000b03146e790):  VMThread "VM Thread" [stack: 0x000000b04c860000,0x000000b04c960000] [id=7600]

Stack: [0x000000b04c860000,0x000000b04c960000]
Native frames: (J=compiled Java code, j=interpreted, Vv=VM code, C=native code)
V  [jvm.dll+0x677d0a]
V  [jvm.dll+0x7d8c54]
V  [jvm.dll+0x7da3fe]
V  [jvm.dll+0x7daa63]
V  [jvm.dll+0x245c5f]
V  [jvm.dll+0x674bb9]
V  [jvm.dll+0x6694f2]
V  [jvm.dll+0x3031d6]
V  [jvm.dll+0x30a756]
V  [jvm.dll+0x359f9e]
V  [jvm.dll+0x35a1cf]
V  [jvm.dll+0x2da3e8]
V  [jvm.dll+0x2d87f5]
V  [jvm.dll+0x2d7dfc]
V  [jvm.dll+0x31b4cb]
V  [jvm.dll+0x7df26b]
V  [jvm.dll+0x7dffa4]
V  [jvm.dll+0x7e04bd]
V  [jvm.dll+0x7e0894]
V  [jvm.dll+0x7e0960]
V  [jvm.dll+0x788bba]
V  [jvm.dll+0x676b35]
C  [ucrtbase.DLL+0x214c2]
C  [KERNEL32.DLL+0x13f2]
C  [ntdll.dll+0x154f4]

VM_Operation (0x000000b09620f1e0): G1CollectForAllocation, mode: safepoint, requested by thread 0x000000b094b34910


---------------  P R O C E S S  ---------------

Threads class SMR info:
_java_thread_list=0x000000b092e79ae0, length=281, elements={
0x000000b0313c88a0, 0x000000b04c78e7e0, 0x000000b04c78f560, 0x000000b04c7a0470,
0x000000b04c7a2190, 0x000000b04c7a2d40, 0x000000b04c7a5700, 0x000000b04c7a6490,
0x000000b04c7b6090, 0x000000b04c7b7640, 0x000000b092373cc0, 0x000000b092381870,
0x000000b09250da10, 0x000000b092b57680, 0x000000b092640950, 0x000000b092f51780,
0x000000b09449bee0, 0x000000b094a292c0, 0x000000b094715d30, 0x000000b094b34910,
0x000000b094b365f0, 0x000000b094b34de0, 0x000000b094b36ac0, 0x000000b094b35780,
0x000000b094b33f70, 0x000000b094b34440, 0x000000b094b36120, 0x000000b094b36f90,
0x000000b094b37460, 0x000000b094b352b0, 0x000000b094b37930, 0x000000b094b35c50,
0x000000b09451ded0, 0x000000b094520550, 0x000000b094520a20, 0x000000b09451d060,
0x000000b09451ed40, 0x000000b09451f210, 0x000000b094520ef0, 0x000000b09451e3a0,
0x000000b09451e870, 0x000000b09451f6e0, 0x000000b09451fbb0, 0x000000b09451da00,
0x000000b094520080, 0x000000b09451d530, 0x000000b094522700, 0x000000b094522bd0,
0x000000b094523a40, 0x000000b094521890, 0x000000b0945230a0, 0x000000b094523570,
0x000000b0945248b0, 0x000000b094523f10, 0x000000b094521d60, 0x000000b0945243e0,
0x000000b0945213c0, 0x000000b094522230, 0x000000b09317d4d0, 0x000000b09317c660,
0x000000b09317de70, 0x000000b09317b7f0, 0x000000b09317c190, 0x000000b09317bcc0,
0x000000b09317e810, 0x000000b09317ece0, 0x000000b09317e340, 0x000000b09317d9a0,
0x000000b09317b320, 0x000000b09317f680, 0x000000b09317f1b0, 0x000000b09317fb50,
0x000000b093180020, 0x000000b0931804f0, 0x000000b09317cb30, 0x000000b0931809c0,
0x000000b09317d000, 0x000000b0931826a0, 0x000000b093181360, 0x000000b093180e90,
0x000000b093182b70, 0x000000b0931821d0, 0x000000b093181830, 0x000000b093181d00,
0x000000b09448f600, 0x000000b09448cf80, 0x000000b09448d450, 0x000000b09448e2c0,
0x000000b09448e790, 0x000000b09448ec60, 0x000000b09448bc40, 0x000000b09448c5e0,
0x000000b09448f130, 0x000000b09448cab0, 0x000000b09448fad0, 0x000000b09448c110,
0x000000b09448ffa0, 0x000000b09448d920, 0x000000b094490470, 0x000000b094490940,
0x000000b094490e10, 0x000000b0944912e0, 0x000000b0944917b0, 0x000000b09448ddf0,
0x000000b094491c80, 0x000000b094492150, 0x000000b094492620, 0x000000b094492af0,
0x000000b094492fc0, 0x000000b094493490, 0x000000b09485f2c0, 0x000000b09485e450,
0x000000b09485c770, 0x000000b09485d110, 0x000000b09485f790, 0x000000b09485d5e0,
0x000000b09485dab0, 0x000000b09485fc60, 0x000000b094860130, 0x000000b09485df80,
0x000000b09485e920, 0x000000b09485edf0, 0x000000b094860600, 0x000000b09485cc40,
0x000000b0948622e0, 0x000000b094863fc0, 0x000000b094860fa0, 0x000000b094861e10,
0x000000b094861940, 0x000000b0948627b0, 0x000000b094860ad0, 0x000000b094862c80,
0x000000b094863150, 0x000000b094861470, 0x000000b094863620, 0x000000b094863af0,
0x000000b09487e820, 0x000000b09487ecf0, 0x000000b0948809d0, 0x000000b094881840,
0x000000b09487f690, 0x000000b09487fb60, 0x000000b094880030, 0x000000b09487f1c0,
0x000000b094880500, 0x000000b094881d10, 0x000000b094880ea0, 0x000000b09487e350,
0x000000b094883050, 0x000000b094884d30, 0x000000b0948821e0, 0x000000b094884390,
0x000000b0948826b0, 0x000000b094883520, 0x000000b0948839f0, 0x000000b094883ec0,
0x000000b094884860, 0x000000b094881370, 0x000000b094885200, 0x000000b094882b80,
0x000000b0948856d0, 0x000000b094885ba0, 0x000000b09464bfa0, 0x000000b094649920,
0x000000b094649df0, 0x000000b094649450, 0x000000b09464c470, 0x000000b09464b600,
0x000000b09464bad0, 0x000000b09464d2e0, 0x000000b09464c940, 0x000000b09464d7b0,
0x000000b09464ce10, 0x000000b09464dc80, 0x000000b09464a790, 0x000000b09464b130,
0x000000b09464a2c0, 0x000000b09464e150, 0x000000b09464e620, 0x000000b09464ac60,
0x000000b09464fe30, 0x000000b094650300, 0x000000b09464eaf0, 0x000000b09464f960,
0x000000b09464efc0, 0x000000b09464f490, 0x000000b0946507d0, 0x000000b094650ca0,
0x000000b09452e5f0, 0x000000b09452eac0, 0x000000b09452ef90, 0x000000b09452f460,
0x000000b09452dc50, 0x000000b09452cde0, 0x000000b09452d2b0, 0x000000b09452f930,
0x000000b09452c910, 0x000000b09452d780, 0x000000b09452fe00, 0x000000b094532e20,
0x000000b094530c70, 0x000000b094531ae0, 0x000000b094531140, 0x000000b094424660,
0x000000b094423cc0, 0x000000b094425000, 0x000000b094424190, 0x000000b0944284f0,
0x000000b094424b30, 0x000000b0944289c0, 0x000000b0944254d0, 0x000000b0944271b0,
0x000000b0944259a0, 0x000000b094428020, 0x000000b094425e70, 0x000000b094428e90,
0x000000b094426340, 0x000000b094429360, 0x000000b094426ce0, 0x000000b09442a6a0,
0x000000b094427680, 0x000000b09442a1d0, 0x000000b09442ab70, 0x000000b09452e120,
0x000000b09452c440, 0x000000b0945332f0, 0x000000b0945302d0, 0x000000b093e07270,
0x000000b093e05a60, 0x000000b093e06400, 0x000000b093e06da0, 0x000000b093e07740,
0x000000b093e07c10, 0x000000b093e080e0, 0x000000b093e085b0, 0x000000b093e08a80,
0x000000b093e068d0, 0x000000b093e08f50, 0x000000b093e09420, 0x000000b093e05f30,
0x000000b093e0c910, 0x000000b093e0cde0, 0x000000b093e0d2b0, 0x000000b093e0baa0,
0x000000b093e0d780, 0x000000b093e0bf70, 0x000000b093e09dc0, 0x000000b093e0a760,
0x000000b093e0e5f0, 0x000000b093e0ac30, 0x000000b093e0eac0, 0x000000b093e0b100,
0x000000b093e0ef90, 0x000000b093e0b5d0, 0x000000b093e0dc50, 0x000000b093e0c440,
0x000000b093e0a290, 0x000000b093e0f460, 0x000000b093e0f930, 0x000000b093e12e20,
0x000000b093e0fe00, 0x000000b093e098f0, 0x000000b093e11610, 0x000000b093e11fb0,
0x000000b093e137c0, 0x000000b093e13c90, 0x000000b093e14160, 0x000000b093e14fd0,
0x000000b093e132f0, 0x000000b093e154a0, 0x000000b093e14630, 0x000000b093e10c70,
0x000000b093e12950, 0x000000b093e102d0, 0x000000b093e107a0, 0x000000b093e0e120,
0x000000b093e12480, 0x000000b09452bf70, 0x000000b094531610, 0x000000b094531fb0,
0x000000b094532480
}

Java Threads: ( => current thread )
  0x000000b0313c88a0 JavaThread "main" [_thread_in_native, id=1544, stack(0x000000b030a70000,0x000000b030b70000)]
  0x000000b04c78e7e0 JavaThread "Reference Handler" daemon [_thread_blocked, id=5068, stack(0x000000b04c960000,0x000000b04ca60000)]
  0x000000b04c78f560 JavaThread "Finalizer" daemon [_thread_blocked, id=8220, stack(0x000000b04ca60000,0x000000b04cb60000)]
  0x000000b04c7a0470 JavaThread "Signal Dispatcher" daemon [_thread_blocked, id=8148, stack(0x000000b04cb60000,0x000000b04cc60000)]
  0x000000b04c7a2190 JavaThread "Attach Listener" daemon [_thread_blocked, id=1748, stack(0x000000b04cc60000,0x000000b04cd60000)]
  0x000000b04c7a2d40 JavaThread "Service Thread" daemon [_thread_blocked, id=7420, stack(0x000000b04cd60000,0x000000b04ce60000)]
  0x000000b04c7a5700 JavaThread "Monitor Deflation Thread" daemon [_thread_blocked, id=2184, stack(0x000000b04ce60000,0x000000b04cf60000)]
  0x000000b04c7a6490 JavaThread "C2 CompilerThread0" daemon [_thread_blocked, id=8288, stack(0x000000b092000000,0x000000b092100000)]
  0x000000b04c7b6090 JavaThread "C1 CompilerThread0" daemon [_thread_blocked, id=8652, stack(0x000000b092100000,0x000000b092200000)]
  0x000000b04c7b7640 JavaThread "Sweeper thread" daemon [_thread_blocked, id=3344, stack(0x000000b092200000,0x000000b092300000)]
  0x000000b092373cc0 JavaThread "Notification Thread" daemon [_thread_blocked, id=1252, stack(0x000000b092700000,0x000000b092800000)]
  0x000000b092381870 JavaThread "Common-Cleaner" daemon [_thread_blocked, id=7580, stack(0x000000b092900000,0x000000b092a00000)]
  0x000000b09250da10 JavaThread "mysql-cj-abandoned-connection-cleanup" daemon [_thread_blocked, id=5844, stack(0x000000b092a00000,0x000000b092b00000)]
  0x000000b092b57680 JavaThread "HikariPool-1 housekeeper" daemon [_thread_blocked, id=8416, stack(0x000000b0938e0000,0x000000b0939e0000)]
  0x000000b092640950 JavaThread "Thread-1" [_thread_blocked, id=5596, stack(0x000000b0939e0000,0x000000b093ae0000)]
  0x000000b092f51780 JavaThread "Thread-2" [_thread_blocked, id=8444, stack(0x000000b093ae0000,0x000000b093be0000)]
  0x000000b09449bee0 JavaThread "Lôi đài" [_thread_blocked, id=4792, stack(0x000000b094cb0000,0x000000b094db0000)]
  0x000000b094a292c0 JavaThread "Lôi đài" [_thread_blocked, id=5492, stack(0x000000b094eb0000,0x000000b094fb0000)]
  0x000000b094715d30 JavaThread "Clan Territory Thread" [_thread_blocked, id=6844, stack(0x000000b094fb0000,0x000000b0950b0000)]
  0x000000b094b34910 JavaThread "Session Collector" daemon [_thread_blocked, id=3348, stack(0x000000b096110000,0x000000b096210000)]
  0x000000b094b365f0 JavaThread "Timer-0" daemon [_thread_blocked, id=4760, stack(0x000000b096210000,0x000000b096310000)]
  0x000000b094b34de0 JavaThread "Nhà thi đấu Haruna" [_thread_blocked, id=5544, stack(0x000000b096310000,0x000000b096410000)]
  0x000000b094b36ac0 JavaThread "Trường Hirosaki" [_thread_blocked, id=7048, stack(0x000000b096410000,0x000000b096510000)]
  0x000000b094b35780 JavaThread "Khu luyện tập" [_thread_blocked, id=8180, stack(0x000000b096510000,0x000000b096610000)]
  0x000000b094b33f70 JavaThread "Đồng Hachi" [_thread_blocked, id=1636, stack(0x000000b096610000,0x000000b096710000)]
  0x000000b094b34440 JavaThread "Rừng đào Sakura" [_thread_blocked, id=920, stack(0x000000b096710000,0x000000b096810000)]
  0x000000b094b36120 JavaThread "Rừng trúc Utra" [_thread_blocked, id=5740, stack(0x000000b096810000,0x000000b096910000)]
  0x000000b094b36f90 JavaThread "Thác Kitajima" [_thread_blocked, id=7296, stack(0x000000b096910000,0x000000b096a10000)]
  0x000000b094b37460 JavaThread "Rừng Mishima" [_thread_blocked, id=4756, stack(0x000000b096a10000,0x000000b096b10000)]
  0x000000b094b352b0 JavaThread "Sông Watamaro" [_thread_blocked, id=400, stack(0x000000b096b10000,0x000000b096c10000)]
  0x000000b094b37930 JavaThread "Nghĩa địa Izuko" [_thread_blocked, id=4448, stack(0x000000b096c10000,0x000000b096d10000)]
  0x000000b094b35c50 JavaThread "Làng Kojin" [_thread_blocked, id=3264, stack(0x000000b096d10000,0x000000b096e10000)]
  0x000000b09451ded0 JavaThread "Boss timmer" [_thread_blocked, id=8888, stack(0x000000b096e10000,0x000000b096f10000)]
  0x000000b094520550 JavaThread "Thread-20" daemon [_thread_blocked, id=4920, stack(0x000000b096f10000,0x000000b097010000)]
  0x000000b094520a20 JavaThread "Thread-21" daemon [_thread_blocked, id=6148, stack(0x000000b097010000,0x000000b097110000)]
  0x000000b09451d060 JavaThread "Miếu Kamo" [_thread_blocked, id=2640, stack(0x000000b097110000,0x000000b097210000)]
  0x000000b09451ed40 JavaThread "Miếu Oboko" [_thread_blocked, id=3492, stack(0x000000b097210000,0x000000b097310000)]
  0x000000b09451f210 JavaThread "Rừng gỗ Kouji" [_thread_blocked, id=6008, stack(0x000000b097310000,0x000000b097410000)]
  0x000000b094520ef0 JavaThread "Rừng Aokigahara" [_thread_blocked, id=2672, stack(0x000000b097410000,0x000000b097510000)]
  0x000000b09451e3a0 JavaThread "Vách núi Ito" [_thread_blocked, id=8696, stack(0x000000b097510000,0x000000b097610000)]
  0x000000b09451e870 JavaThread "Thung lũng Taira" [_thread_blocked, id=4176, stack(0x000000b097610000,0x000000b097710000)]
  0x000000b09451f6e0 JavaThread "Làng Sanzu" [_thread_blocked, id=5784, stack(0x000000b097710000,0x000000b097810000)]
  0x000000b09451fbb0 JavaThread "Sân đền Orochi" [_thread_blocked, id=3768, stack(0x000000b097810000,0x000000b097910000)]
  0x000000b09451da00 JavaThread "Ngôi đền Orochi" [_thread_blocked, id=4132, stack(0x000000b097910000,0x000000b097a10000)]
  0x000000b094520080 JavaThread "Chân thác Kitajima" [_thread_blocked, id=8752, stack(0x000000b097a10000,0x000000b097b10000)]
  0x000000b09451d530 JavaThread "Đồi Fumimen" [_thread_blocked, id=8764, stack(0x000000b097b10000,0x000000b097c10000)]
  0x000000b094522700 JavaThread "Làng Tone" [_thread_blocked, id=7320, stack(0x000000b097c10000,0x000000b097d10000)]
  0x000000b094522bd0 JavaThread "Vách Ichidai" [_thread_blocked, id=5372, stack(0x000000b097d10000,0x000000b097e10000)]
  0x000000b094523a40 JavaThread "Đỉnh Ichidai" [_thread_blocked, id=1300, stack(0x000000b097e10000,0x000000b097f10000)]
  0x000000b094521890 JavaThread "Đồi Kokoro" [_thread_blocked, id=5364, stack(0x000000b097f10000,0x000000b098010000)]
  0x000000b0945230a0 JavaThread "Cánh đồng Fuki" [_thread_blocked, id=3900, stack(0x000000b098010000,0x000000b098110000)]
  0x000000b094523570 JavaThread "Trường Haruna" [_thread_blocked, id=1112, stack(0x000000b098110000,0x000000b098210000)]
  0x000000b0945248b0 JavaThread "Ký túc xá Haruna" [_thread_blocked, id=8328, stack(0x000000b098210000,0x000000b098310000)]
  0x000000b094523f10 JavaThread "Hang Aka" [_thread_blocked, id=8116, stack(0x000000b098310000,0x000000b098410000)]
  0x000000b094521d60 JavaThread "Suối Akagi" [_thread_blocked, id=2948, stack(0x000000b098410000,0x000000b098510000)]
  0x000000b0945243e0 JavaThread "Bờ biển Oura" [_thread_blocked, id=6380, stack(0x000000b098510000,0x000000b098610000)]
  0x000000b0945213c0 JavaThread "Làng chài" [_thread_blocked, id=428, stack(0x000000b098610000,0x000000b098710000)]
  0x000000b094522230 JavaThread "Rừng Moshio" [_thread_blocked, id=3592, stack(0x000000b098710000,0x000000b098810000)]
  0x000000b09317d4d0 JavaThread "Đảo Hebi" [_thread_blocked, id=5540, stack(0x000000b098810000,0x000000b098910000)]
  0x000000b09317c660 JavaThread "Hang Meiro" [_thread_blocked, id=6568, stack(0x000000b098910000,0x000000b098a10000)]
  0x000000b09317de70 JavaThread "Đồng Kisei" [_thread_blocked, id=3692, stack(0x000000b098a10000,0x000000b098b10000)]
  0x000000b09317b7f0 JavaThread "Núi Hashigoto" [_thread_blocked, id=3476, stack(0x000000b098b10000,0x000000b098c10000)]
  0x000000b09317c190 JavaThread "Làng Chakumi" [_thread_blocked, id=6912, stack(0x000000b098c10000,0x000000b098d10000)]
  0x000000b09317bcc0 JavaThread "Sông băng Yamato" [_thread_blocked, id=3600, stack(0x000000b098d10000,0x000000b098e10000)]
  0x000000b09317e810 JavaThread "Cánh đồng Hiya" [_thread_blocked, id=1736, stack(0x000000b098e10000,0x000000b098f10000)]
  0x000000b09317ece0 JavaThread "Khu đá đỏ Akai" [_thread_blocked, id=1548, stack(0x000000b098f10000,0x000000b099010000)]
  0x000000b09317e340 JavaThread "Khu đá đỏ Aiko" [_thread_blocked, id=328, stack(0x000000b099010000,0x000000b099110000)]
  0x000000b09317d9a0 JavaThread "Làng Echigo" [_thread_blocked, id=3152, stack(0x000000b099110000,0x000000b099210000)]
  0x000000b09317b320 JavaThread "Đỉnh Okama" [_thread_blocked, id=4124, stack(0x000000b099210000,0x000000b099310000)]
  0x000000b09317f680 JavaThread "Hang núi Kurai" [_thread_blocked, id=3352, stack(0x000000b099310000,0x000000b099410000)]
  0x000000b09317f1b0 JavaThread "Hồ Stuki" [_thread_blocked, id=7860, stack(0x000000b099410000,0x000000b099510000)]
  0x000000b09317fb50 JavaThread "Hẻm núi Takana" [_thread_blocked, id=4236, stack(0x000000b099510000,0x000000b099610000)]
  0x000000b093180020 JavaThread "Làng Oshin" [_thread_blocked, id=1456, stack(0x000000b099610000,0x000000b099710000)]
  0x000000b0931804f0 JavaThread "Đền Amaterasu" [_thread_blocked, id=5460, stack(0x000000b099710000,0x000000b099810000)]
  0x000000b09317cb30 JavaThread "Rừng Kanashii" [_thread_blocked, id=5624, stack(0x000000b099810000,0x000000b099910000)]
  0x000000b0931809c0 JavaThread "Rừng Toge" [_thread_blocked, id=6656, stack(0x000000b099910000,0x000000b099a10000)]
  0x000000b09317d000 JavaThread "Rừng Kappa" [_thread_blocked, id=5136, stack(0x000000b099a10000,0x000000b099b10000)]
  0x000000b0931826a0 JavaThread "Động Tamatamo" [_thread_blocked, id=3288, stack(0x000000b099b10000,0x000000b099c10000)]
  0x000000b093181360 JavaThread "Đền Harumoto" [_thread_blocked, id=2980, stack(0x000000b099c10000,0x000000b099d10000)]
  0x000000b093180e90 JavaThread "Phong ấn Ounio" [_thread_blocked, id=8832, stack(0x000000b099d10000,0x000000b099e10000)]
  0x000000b093182b70 JavaThread "Nhà thi đấu Ookaza" [_thread_blocked, id=4612, stack(0x000000b099e10000,0x000000b099f10000)]
  0x000000b0931821d0 JavaThread "Sân sau Miếu Oboko" [_thread_blocked, id=7140, stack(0x000000b099f10000,0x000000b09a010000)]
  0x000000b093181830 JavaThread "Sân sau đền Orochi" [_thread_blocked, id=248, stack(0x000000b09a010000,0x000000b09a110000)]
  0x000000b093181d00 JavaThread "Mũi Hone" [_thread_blocked, id=5056, stack(0x000000b09a110000,0x000000b09a210000)]
  0x000000b09448f600 JavaThread "Cửa hang Aka" [_thread_blocked, id=9060, stack(0x000000b09a210000,0x000000b09a310000)]
  0x000000b09448cf80 JavaThread "Cửa biển Kawaguchi" [_thread_blocked, id=7984, stack(0x000000b09a310000,0x000000b09a410000)]
  0x000000b09448d450 JavaThread "Hang Chi" [_thread_blocked, id=5316, stack(0x000000b09a410000,0x000000b09a510000)]
  0x000000b09448e2c0 JavaThread "Hang Ha" [_thread_blocked, id=7008, stack(0x000000b09a510000,0x000000b09a610000)]
  0x000000b09448e790 JavaThread "Hang Kugyou" [_thread_blocked, id=4016, stack(0x000000b09a610000,0x000000b09a710000)]
  0x000000b09448ec60 JavaThread "Mũi Nuranura" [_thread_blocked, id=2376, stack(0x000000b09a710000,0x000000b09a810000)]
  0x000000b09448bc40 JavaThread "Khe núi Chorochoro" [_thread_blocked, id=6152, stack(0x000000b09a810000,0x000000b09a910000)]
  0x000000b09448c5e0 JavaThread "Núi Ontake" [_thread_blocked, id=6368, stack(0x000000b09a910000,0x000000b09aa10000)]
  0x000000b09448f130 JavaThread "Núi Anzen" [_thread_blocked, id=5532, stack(0x000000b09aa10000,0x000000b09ab10000)]
  0x000000b09448cab0 JavaThread "Vách Ainodake" [_thread_blocked, id=8956, stack(0x000000b09ab10000,0x000000b09ac10000)]
  0x000000b09448fad0 JavaThread "Thung lũng chết" [_thread_blocked, id=6244, stack(0x000000b09ac10000,0x000000b09ad10000)]
  0x000000b09448c110 JavaThread "Rừng già" [_thread_blocked, id=6240, stack(0x000000b09ad10000,0x000000b09ae10000)]
  0x000000b09448ffa0 JavaThread "Trường Ookaza" [_thread_blocked, id=5912, stack(0x000000b09ae10000,0x000000b09af10000)]
  0x000000b09448d920 JavaThread "Nhà thi đấu Hirosaki" [_thread_blocked, id=2832, stack(0x000000b09af10000,0x000000b09b010000)]
  0x000000b094490470 JavaThread "Hang Inoshishi" [_thread_blocked, id=6592, stack(0x000000b09b010000,0x000000b09b110000)]
  0x000000b094490940 JavaThread "Đấu trường cấp 10" [_thread_blocked, id=7744, stack(0x000000b09b110000,0x000000b09b210000)]
  0x000000b094490e10 JavaThread "Đấu trường cấp 20" [_thread_blocked, id=6712, stack(0x000000b09b210000,0x000000b09b310000)]
  0x000000b0944912e0 JavaThread "Đấu trường cấp 30" [_thread_blocked, id=5668, stack(0x000000b09b310000,0x000000b09b410000)]
  0x000000b0944917b0 JavaThread "Địa đạo Chikatoya" [_thread_blocked, id=3368, stack(0x000000b09b410000,0x000000b09b510000)]
  0x000000b09448ddf0 JavaThread "Đấu trường cấp 40" [_thread_blocked, id=6816, stack(0x000000b09b510000,0x000000b09b610000)]
  0x000000b094491c80 JavaThread "Cửa Chờ" [_thread_blocked, id=6524, stack(0x000000b09b610000,0x000000b09b710000)]
  0x000000b094492150 JavaThread "Cửa Siêu Tốc" [_thread_blocked, id=1116, stack(0x000000b09b710000,0x000000b09b810000)]
  0x000000b094492620 JavaThread "Cửa Né Tránh" [_thread_blocked, id=2776, stack(0x000000b09b810000,0x000000b09b910000)]
  0x000000b094492af0 JavaThread "Cửa Phản Đòn" [_thread_blocked, id=3728, stack(0x000000b09b910000,0x000000b09ba10000)]
  0x000000b094492fc0 JavaThread "Cửa Hỏa" [_thread_blocked, id=7220, stack(0x000000b09ba10000,0x000000b09bb10000)]
  0x000000b094493490 JavaThread "Cửa Phong" [_thread_blocked, id=8516, stack(0x000000b09bb10000,0x000000b09bc10000)]
  0x000000b09485f2c0 JavaThread "Cửa Băng" [_thread_blocked, id=9160, stack(0x000000b09bc10000,0x000000b09bd10000)]
  0x000000b09485e450 JavaThread "Cửa Sa Mạc" [_thread_blocked, id=1324, stack(0x000000b09bd10000,0x000000b09be10000)]
  0x000000b09485c770 JavaThread "Cửa Đồi Núi" [_thread_blocked, id=4912, stack(0x000000b09be10000,0x000000b09bf10000)]
  0x000000b09485d110 JavaThread "Cửa Đầm Lầy" [_thread_blocked, id=7820, stack(0x000000b09bf10000,0x000000b09c010000)]
  0x000000b09485f790 JavaThread "Cửa Bùa Chú" [_thread_blocked, id=2068, stack(0x000000b09c010000,0x000000b09c110000)]
  0x000000b09485d5e0 JavaThread "Động bàn tơ" [_thread_blocked, id=3408, stack(0x000000b09c110000,0x000000b09c210000)]
  0x000000b09485dab0 JavaThread "Hang dơi" [_thread_blocked, id=5452, stack(0x000000b09c210000,0x000000b09c310000)]
  0x000000b09485fc60 JavaThread "Hang thủ lĩnh" [_thread_blocked, id=8824, stack(0x000000b09c310000,0x000000b09c410000)]
  0x000000b094860130 JavaThread "Hang tổ ong" [_thread_blocked, id=4788, stack(0x000000b09c410000,0x000000b09c510000)]
  0x000000b09485df80 JavaThread "Động bọ ngựa" [_thread_blocked, id=7364, stack(0x000000b09c510000,0x000000b09c610000)]
  0x000000b09485e920 JavaThread "Hang kỳ đà" [_thread_blocked, id=6544, stack(0x000000b09c610000,0x000000b09c710000)]
  0x000000b09485edf0 JavaThread " Thiên Vương Động" [_thread_blocked, id=8608, stack(0x000000b09c710000,0x000000b09c810000)]
  0x000000b094860600 JavaThread "Căn cứ địa" [_thread_blocked, id=6808, stack(0x000000b09c810000,0x000000b09c910000)]
  0x000000b09485cc40 JavaThread "Bạch đài" [_thread_blocked, id=7652, stack(0x000000b09c910000,0x000000b09ca10000)]
  0x000000b0948622e0 JavaThread "Hành lang giữa" [_thread_blocked, id=1496, stack(0x000000b09ca10000,0x000000b09cb10000)]
  0x000000b094863fc0 JavaThread "Hành lang trên" [_thread_blocked, id=6088, stack(0x000000b09cb10000,0x000000b09cc10000)]
  0x000000b094860fa0 JavaThread "Hành lang dưới" [_thread_blocked, id=8096, stack(0x000000b09cc10000,0x000000b09cd10000)]
  0x000000b094861e10 JavaThread "Hắc đài" [_thread_blocked, id=6000, stack(0x000000b09cd10000,0x000000b09ce10000)]
  0x000000b094861940 JavaThread "Cắn cứ địa" [_thread_blocked, id=3528, stack(0x000000b09ce10000,0x000000b09cf10000)]
  0x000000b0948627b0 JavaThread "Tam hợp sơn động" [_thread_blocked, id=5600, stack(0x000000b09cf10000,0x000000b09d010000)]
  0x000000b094860ad0 JavaThread "Long xà động" [_thread_blocked, id=6320, stack(0x000000b09d010000,0x000000b09d110000)]
  0x000000b094862c80 JavaThread "Hoàng xà động" [_thread_blocked, id=4672, stack(0x000000b09d110000,0x000000b09d210000)]
  0x000000b094863150 JavaThread "Xích trùng động" [_thread_blocked, id=4384, stack(0x000000b09d210000,0x000000b09d310000)]
  0x000000b094861470 JavaThread "Ngân lang động" [_thread_blocked, id=5128, stack(0x000000b09d310000,0x000000b09d410000)]
  0x000000b094863620 JavaThread "Khu báo danh" [_thread_blocked, id=4860, stack(0x000000b09d410000,0x000000b09d510000)]
  0x000000b094863af0 JavaThread "Lôi đài" [_thread_blocked, id=1088, stack(0x000000b09d510000,0x000000b09d610000)]
  0x000000b09487e820 JavaThread "Thất thú ải" [_thread_blocked, id=5472, stack(0x000000b09d610000,0x000000b09d710000)]
  0x000000b09487ecf0 JavaThread "Khu vực chờ" [_thread_blocked, id=1340, stack(0x000000b09d710000,0x000000b09d810000)]
  0x000000b0948809d0 JavaThread "Thạch không vực" [_thread_blocked, id=796, stack(0x000000b09d810000,0x000000b09d910000)]
  0x000000b094881840 JavaThread "Sinh tử vực" [_thread_blocked, id=6416, stack(0x000000b09d910000,0x000000b09da10000)]
  0x000000b09487f690 JavaThread "Luân hồi kiếp" [_thread_blocked, id=900, stack(0x000000b09da10000,0x000000b09db10000)]
  0x000000b09487fb60 JavaThread "Khu báo danh" [_thread_blocked, id=9064, stack(0x000000b09db10000,0x000000b09dc10000)]
  0x000000b094880030 JavaThread "Báo danh gia tộc" [_thread_blocked, id=5304, stack(0x000000b09dc10000,0x000000b09dd10000)]
  0x000000b09487f1c0 JavaThread "Báo danh gia tộc" [_thread_blocked, id=6108, stack(0x000000b09dd10000,0x000000b09de10000)]
  0x000000b094880500 JavaThread "Sảnh 1" [_thread_blocked, id=8964, stack(0x000000b09de10000,0x000000b09df10000)]
  0x000000b094881d10 JavaThread "Hành lang 1" [_thread_blocked, id=6324, stack(0x000000b09df10000,0x000000b09e010000)]
  0x000000b094880ea0 JavaThread "Hành lang 2" [_thread_blocked, id=6660, stack(0x000000b09e010000,0x000000b09e110000)]
  0x000000b09487e350 JavaThread "Hành lang 3" [_thread_blocked, id=4976, stack(0x000000b09e110000,0x000000b09e210000)]
  0x000000b094883050 JavaThread "Sảnh 2" [_thread_blocked, id=6776, stack(0x000000b09e210000,0x000000b09e310000)]
  0x000000b094884d30 JavaThread "Độc phong sơn" [_thread_blocked, id=4700, stack(0x000000b09e310000,0x000000b09e410000)]
  0x000000b0948821e0 JavaThread "Địa trùng sơn" [_thread_blocked, id=7676, stack(0x000000b09e410000,0x000000b09e510000)]
  0x000000b094884390 JavaThread "Mộc hỏa vực" [_thread_blocked, id=6540, stack(0x000000b09e510000,0x000000b09e610000)]
  0x000000b0948826b0 JavaThread "Sơn vương trại" [_thread_blocked, id=7024, stack(0x000000b09e610000,0x000000b09e710000)]
  0x000000b094883520 JavaThread "Lôi đài" [_thread_blocked, id=5268, stack(0x000000b09e710000,0x000000b09e810000)]
  0x000000b0948839f0 JavaThread "Kẹo chiến" [_thread_blocked, id=4088, stack(0x000000b09e810000,0x000000b09e910000)]
  0x000000b094883ec0 JavaThread "Kẹo trắng" [_thread_blocked, id=4960, stack(0x000000b09e910000,0x000000b09ea10000)]
  0x000000b094884860 JavaThread "Kẹo đen" [_thread_blocked, id=9112, stack(0x000000b09ea10000,0x000000b09eb10000)]
  0x000000b094881370 JavaThread "Phòng chờ" [_thread_blocked, id=7076, stack(0x000000b09eb10000,0x000000b09ec10000)]
  0x000000b094885200 JavaThread "Núi Doragon" [_thread_blocked, id=6720, stack(0x000000b09ec10000,0x000000b09ed10000)]
  0x000000b094882b80 JavaThread "Rừng Majo" [_thread_blocked, id=7724, stack(0x000000b09ed10000,0x000000b09ee10000)]
  0x000000b0948856d0 JavaThread "Vực Yunikoon" [_thread_blocked, id=8008, stack(0x000000b09ee10000,0x000000b09ef10000)]
  0x000000b094885ba0 JavaThread "Động Kingu" [_thread_blocked, id=3864, stack(0x000000b09ef10000,0x000000b09f010000)]
  0x000000b09464bfa0 JavaThread "Làng Fearri" [_thread_blocked, id=8056, stack(0x000000b09f010000,0x000000b09f110000)]
  0x000000b094649920 JavaThread "Quỷ Sơn" [_thread_blocked, id=4744, stack(0x000000b09f110000,0x000000b09f210000)]
  0x000000b094649df0 JavaThread "Sơn Hải Vực" [_thread_blocked, id=1852, stack(0x000000b09f210000,0x000000b09f310000)]
  0x000000b094649450 JavaThread "Đoạn Sơn" [_thread_blocked, id=9152, stack(0x000000b09f310000,0x000000b09f410000)]
  0x000000b09464c470 JavaThread "Đảo Quỷ" [_thread_blocked, id=6032, stack(0x000000b09f410000,0x000000b09f510000)]
  0x000000b09464b600 JavaThread "Sinh Tử Kiều" [_thread_blocked, id=4968, stack(0x000000b09f510000,0x000000b09f610000)]
  0x000000b09464bad0 JavaThread "Nhân Duyên Lộ" [_thread_blocked, id=3076, stack(0x000000b09f610000,0x000000b09f710000)]
  0x000000b09464d2e0 JavaThread "Hoang Trấn" [_thread_blocked, id=6820, stack(0x000000b09f710000,0x000000b09f810000)]
  0x000000b09464c940 JavaThread "Mài Tâm Lộ" [_thread_blocked, id=3660, stack(0x000000b09f810000,0x000000b09f910000)]
  0x000000b09464d7b0 JavaThread "Bát Thụ Hoang Lâm" [_thread_blocked, id=5240, stack(0x000000b09f910000,0x000000b09fa10000)]
  0x000000b09464ce10 JavaThread "Cửu Mộc Hoàng Kiều" [_thread_blocked, id=3812, stack(0x000000b09fa10000,0x000000b09fb10000)]
  0x000000b09464dc80 JavaThread "Lôi đài" [_thread_blocked, id=5552, stack(0x000000b09fb10000,0x000000b09fc10000)]
  0x000000b09464a790 JavaThread "Chiến trường Hirosaki " [_thread_blocked, id=6388, stack(0x000000b09fc10000,0x000000b09fd10000)]
  0x000000b09464b130 JavaThread "Chiến trường Haruna" [_thread_blocked, id=1000, stack(0x000000b09fd10000,0x000000b09fe10000)]
  0x000000b09464a2c0 JavaThread "Chiến trường Ookaza" [_thread_blocked, id=4520, stack(0x000000b09fe10000,0x000000b09ff10000)]
  0x000000b09464e150 JavaThread "Khu vực giao lưu" [_thread_blocked, id=7192, stack(0x000000b09ff10000,0x000000b0a0010000)]
  0x000000b09464e620 JavaThread "Phòng chờ Hirosaki" [_thread_blocked, id=4524, stack(0x000000b0a0010000,0x000000b0a0110000)]
  0x000000b09464ac60 JavaThread "Phòng chờ Haruna" [_thread_blocked, id=4816, stack(0x000000b0a0110000,0x000000b0a0210000)]
  0x000000b09464fe30 JavaThread "Phòng chờ Ookaza" [_thread_blocked, id=8844, stack(0x000000b0a0210000,0x000000b0a0310000)]
  0x000000b094650300 JavaThread "Tam Nhân Quan 1" [_thread_blocked, id=5940, stack(0x000000b0a0310000,0x000000b0a0410000)]
  0x000000b09464eaf0 JavaThread "Tam Nhân Quan 2" [_thread_blocked, id=6588, stack(0x000000b0a0410000,0x000000b0a0510000)]
  0x000000b09464f960 JavaThread "Tam Nhân Quan 3" [_thread_blocked, id=2968, stack(0x000000b0a0510000,0x000000b0a0610000)]
  0x000000b09464efc0 JavaThread "Hang Karasumori 92" [_thread_blocked, id=4480, stack(0x000000b0a0610000,0x000000b0a0710000)]
  0x000000b09464f490 JavaThread "Hang Karasumori 93" [_thread_blocked, id=5924, stack(0x000000b0a0710000,0x000000b0a0810000)]
  0x000000b0946507d0 JavaThread "Hang Karasumori 94" [_thread_blocked, id=3340, stack(0x000000b0a0810000,0x000000b0a0910000)]
  0x000000b094650ca0 JavaThread "Hang Karasumori 95" [_thread_blocked, id=8736, stack(0x000000b0a0910000,0x000000b0a0a10000)]
  0x000000b09452e5f0 JavaThread "Hang Karasumori 96" [_thread_blocked, id=2816, stack(0x000000b0a0a10000,0x000000b0a0b10000)]
  0x000000b09452eac0 JavaThread "Hang Karasumori 97" [_thread_blocked, id=2604, stack(0x000000b0a0b10000,0x000000b0a0c10000)]
  0x000000b09452ef90 JavaThread "Hang Karasumori 91" [_thread_blocked, id=3852, stack(0x000000b0a0c10000,0x000000b0a0d10000)]
  0x000000b09452f460 JavaThread "Hang Uchiha" [_thread_blocked, id=5332, stack(0x000000b0a0d10000,0x000000b0a0e10000)]
  0x000000b09452dc50 JavaThread "Hang Itachi" [_thread_blocked, id=4120, stack(0x000000b0a0e10000,0x000000b0a0f10000)]
  0x000000b09452cde0 JavaThread "Hang Mazadaraki" [_thread_blocked, id=7968, stack(0x000000b0a0f10000,0x000000b0a1010000)]
  0x000000b09452d2b0 JavaThread "Làng Shiiba" [_thread_blocked, id=8088, stack(0x000000b0a1010000,0x000000b0a1110000)]
  0x000000b09452f930 JavaThread "Đảo Bay Nokki" [_thread_blocked, id=4708, stack(0x000000b0a1110000,0x000000b0a1210000)]
  0x000000b09452c910 JavaThread "Hang Kiso" [_thread_blocked, id=8720, stack(0x000000b0a1210000,0x000000b0a1310000)]
  0x000000b09452d780 JavaThread "Đền Hashi" [_thread_blocked, id=5676, stack(0x000000b0a1310000,0x000000b0a1410000)]
  0x000000b09452fe00 JavaThread "RMI TCP Accept-0" daemon [_thread_in_native, id=1584, stack(0x000000b0a1510000,0x000000b0a1610000)]
  0x000000b094532e20 JavaThread "SESSION OF fuckboy user 000000" [_thread_blocked, id=4836, stack(0x000000b0a1d10000,0x000000b0a1e10000)]
  0x000000b094530c70 JavaThread "Send Thread 4" [_thread_blocked, id=6312, stack(0x000000b0a1e10000,0x000000b0a1f10000)]
  0x000000b094531ae0 JavaThread "SESSION OF duytoo user tiger" [_thread_blocked, id=2256, stack(0x000000b0a1f10000,0x000000b0a2010000)]
  0x000000b094531140 JavaThread "Send Thread 5" [_thread_blocked, id=5580, stack(0x000000b0a2010000,0x000000b0a2110000)]
  0x000000b094424660 JavaThread "SESSION OF blues user tomato" [_thread_blocked, id=1304, stack(0x000000b0a2310000,0x000000b0a2410000)]
  0x000000b094423cc0 JavaThread "Send Thread 7" [_thread_blocked, id=5028, stack(0x000000b0a2410000,0x000000b0a2510000)]
  0x000000b094425000 JavaThread "SESSION OF lambogini user nokia888" [_thread_blocked, id=2004, stack(0x000000b0a2510000,0x000000b0a2610000)]
  0x000000b094424190 JavaThread "Send Thread 8" [_thread_blocked, id=7068, stack(0x000000b0a2610000,0x000000b0a2710000)]
  0x000000b0944284f0 JavaThread "SESSION OF thientu user thientu" [_thread_blocked, id=3724, stack(0x000000b0a2710000,0x000000b0a2810000)]
  0x000000b094424b30 JavaThread "Send Thread 9" [_thread_blocked, id=6224, stack(0x000000b0a2810000,0x000000b0a2910000)]
  0x000000b0944289c0 JavaThread "SESSION OF boyka user heniken" [_thread_blocked, id=4420, stack(0x000000b0a2910000,0x000000b0a2a10000)]
  0x000000b0944254d0 JavaThread "Send Thread 10" [_thread_blocked, id=3304, stack(0x000000b0a2a10000,0x000000b0a2b10000)]
  0x000000b0944271b0 JavaThread "SESSION OF lloyall user bduytung99" [_thread_in_native, id=1652, stack(0x000000b0a2b10000,0x000000b0a2c10000)]
  0x000000b0944259a0 JavaThread "Send Thread 11" [_thread_blocked, id=7504, stack(0x000000b0a2c10000,0x000000b0a2d10000)]
  0x000000b094428020 JavaThread "SESSION OF september user superbroly" [_thread_in_native, id=7100, stack(0x000000b0a2d10000,0x000000b0a2e10000)]
  0x000000b094425e70 JavaThread "Send Thread 12" [_thread_blocked, id=7380, stack(0x000000b0a2e10000,0x000000b0a2f10000)]
  0x000000b094428e90 JavaThread "SESSION OF khodo user Ngochan1" [_thread_blocked, id=4184, stack(0x000000b093be0000,0x000000b093ce0000)]
  0x000000b094426340 JavaThread "Send Thread 13" [_thread_blocked, id=1256, stack(0x000000b0a1610000,0x000000b0a1710000)]
  0x000000b094429360 JavaThread "SESSION OF 19cm1vs106 user n15426" [_thread_in_native, id=5696, stack(0x000000b0a1710000,0x000000b0a1810000)]
  0x000000b094426ce0 JavaThread "Send Thread 14" [_thread_blocked, id=3564, stack(0x000000b0a1a10000,0x000000b0a1b10000)]
  0x000000b09442a6a0 JavaThread "SESSION OF khodo2 user Ngochan2" [_thread_blocked, id=2916, stack(0x000000b0a1b10000,0x000000b0a1c10000)]
  0x000000b094427680 JavaThread "Send Thread 15" [_thread_blocked, id=7012, stack(0x000000b0a1c10000,0x000000b0a1d10000)]
  0x000000b09442a1d0 JavaThread "SESSION OF 19cm1vs104 user n15424" [_thread_blocked, id=1604, stack(0x000000b0a3210000,0x000000b0a3310000)]
  0x000000b09442ab70 JavaThread "Send Thread 18" [_thread_blocked, id=636, stack(0x000000b0a3310000,0x000000b0a3410000)]
  0x000000b09452e120 JavaThread "SESSION OF 19cm1vs105 user n15425" [_thread_in_native, id=6440, stack(0x000000b0a3610000,0x000000b0a3710000)]
  0x000000b09452c440 JavaThread "Send Thread 20" [_thread_blocked, id=7408, stack(0x000000b0a3710000,0x000000b0a3810000)]
  0x000000b0945332f0 JavaThread "SESSION OF ducati user sangr3" [_thread_blocked, id=5048, stack(0x000000b0a3810000,0x000000b0a3910000)]
  0x000000b0945302d0 JavaThread "Send Thread 21" [_thread_blocked, id=9196, stack(0x000000b0a3910000,0x000000b0a3a10000)]
  0x000000b093e07270 JavaThread "SESSION OF 19cm1vs102 user n15422" [_thread_in_native, id=5108, stack(0x000000b0a3c10000,0x000000b0a3d10000)]
  0x000000b093e05a60 JavaThread "Send Thread 23" [_thread_blocked, id=7004, stack(0x000000b0a3d10000,0x000000b0a3e10000)]
  0x000000b093e06400 JavaThread "SESSION OF kwasakih2r user sangr5" [_thread_blocked, id=2868, stack(0x000000b0a3f10000,0x000000b0a4010000)]
  0x000000b093e06da0 JavaThread "Send Thread 24" [_thread_blocked, id=4144, stack(0x000000b0a4010000,0x000000b0a4110000)]
  0x000000b093e07740 JavaThread "SESSION OF kawasaki user sangr1" [_thread_in_native, id=4916, stack(0x000000b0a4110000,0x000000b0a4210000)]
  0x000000b093e07c10 JavaThread "Send Thread 25" [_thread_blocked, id=7180, stack(0x000000b0a4210000,0x000000b0a4310000)]
  0x000000b093e080e0 JavaThread "SESSION OF 19cm1vs103 user n15423" [_thread_blocked, id=5356, stack(0x000000b0a4310000,0x000000b0a4410000)]
  0x000000b093e085b0 JavaThread "Send Thread 26" [_thread_blocked, id=6428, stack(0x000000b0a4410000,0x000000b0a4510000)]
  0x000000b093e08a80 JavaThread "SESSION OF 19cm1vs100 user n15421" [_thread_blocked, id=8196, stack(0x000000b0a4510000,0x000000b0a4610000)]
  0x000000b093e068d0 JavaThread "Send Thread 27" [_thread_blocked, id=6792, stack(0x000000b0a4610000,0x000000b0a4710000)]
  0x000000b093e08f50 JavaThread "SESSION OF yamahar1m user sangr6" [_thread_blocked, id=6056, stack(0x000000b0a4710000,0x000000b0a4810000)]
  0x000000b093e09420 JavaThread "Send Thread 28" [_thread_blocked, id=5704, stack(0x000000b0a4810000,0x000000b0a4910000)]
  0x000000b093e05f30 JavaThread "SESSION OF yamaha user sangr2" [_thread_in_native, id=4544, stack(0x000000b0a4910000,0x000000b0a4a10000)]
  0x000000b093e0c910 JavaThread "Send Thread 29" [_thread_blocked, id=4180, stack(0x000000b0a4a10000,0x000000b0a4b10000)]
  0x000000b093e0cde0 JavaThread "SESSION OF bwm1000rr user sangr4" [_thread_blocked, id=7764, stack(0x000000b0a4b10000,0x000000b0a4c10000)]
  0x000000b093e0d2b0 JavaThread "Send Thread 30" [_thread_blocked, id=8820, stack(0x000000b0a4c10000,0x000000b0a4d10000)]
  0x000000b093e0baa0 JavaThread "SESSION OF clone2 user clone2" [_thread_in_native, id=5800, stack(0x000000b0a4d10000,0x000000b0a4e10000)]
  0x000000b093e0d780 JavaThread "Send Thread 31" [_thread_blocked, id=6528, stack(0x000000b0a4e10000,0x000000b0a4f10000)]
  0x000000b093e0bf70 JavaThread "SESSION OF ibmenow1 user clone1" [_thread_blocked, id=5892, stack(0x000000b0a4f10000,0x000000b0a5010000)]
  0x000000b093e09dc0 JavaThread "Send Thread 32" [_thread_blocked, id=7240, stack(0x000000b0a5010000,0x000000b0a5110000)]
  0x000000b093e0a760 JavaThread "SESSION OF clone10 user clone10" [_thread_in_native, id=1644, stack(0x000000b0a5510000,0x000000b0a5610000)]
  0x000000b093e0e5f0 JavaThread "Send Thread 35" [_thread_blocked, id=3516, stack(0x000000b0a5610000,0x000000b0a5710000)]
  0x000000b093e0ac30 JavaThread "SESSION OF clone3 user clone3" [_thread_blocked, id=2520, stack(0x000000b0a5710000,0x000000b0a5810000)]
  0x000000b093e0eac0 JavaThread "Send Thread 36" [_thread_blocked, id=6608, stack(0x000000b0a5810000,0x000000b0a5910000)]
  0x000000b093e0b100 JavaThread "SESSION OF 20percent user 20percent" [_thread_in_native, id=1740, stack(0x000000b0a5910000,0x000000b0a5a10000)]
  0x000000b093e0ef90 JavaThread "Send Thread 37" [_thread_blocked, id=5308, stack(0x000000b0a5a10000,0x000000b0a5b10000)]
  0x000000b093e0b5d0 JavaThread "SESSION OF clone11 user clone11" [_thread_in_native, id=7832, stack(0x000000b0a5110000,0x000000b0a5210000)]
  0x000000b093e0dc50 JavaThread "Send Thread 40" [_thread_blocked, id=2392, stack(0x000000b0a5210000,0x000000b0a5310000)]
  0x000000b093e0c440 JavaThread "SESSION OF cansieuvip user bumbobi" [_thread_in_native, id=2108, stack(0x000000b0a5310000,0x000000b0a5410000)]
  0x000000b093e0a290 JavaThread "Send Thread 41" [_thread_blocked, id=2860, stack(0x000000b0a5410000,0x000000b0a5510000)]
  0x000000b093e0f460 JavaThread "SESSION OF lov3em user tuanhatb5" [_thread_in_native, id=4404, stack(0x000000b0a5b10000,0x000000b0a5c10000)]
  0x000000b093e0f930 JavaThread "Send Thread 44" [_thread_blocked, id=6628, stack(0x000000b0a5c10000,0x000000b0a5d10000)]
  0x000000b093e12e20 JavaThread "SESSION OF samsung user Nokia888" [_thread_blocked, id=6264, stack(0x000000b0a2210000,0x000000b0a2310000)]
  0x000000b093e0fe00 JavaThread "Send Thread 57" [_thread_blocked, id=8616, stack(0x000000b0a6cf0000,0x000000b0a6df0000)]
  0x000000b093e098f0 JavaThread "SESSION OF kisybogd3m user kiner" [_thread_in_native, id=3460, stack(0x000000b0a2f10000,0x000000b0a3010000)]
  0x000000b093e11610 JavaThread "Send Thread 65" [_thread_blocked, id=8152, stack(0x000000b0a3010000,0x000000b0a3110000)]
  0x000000b093e11fb0 JavaThread "SESSION OF babyyyy user danxomlieu" [_thread_blocked, id=4440, stack(0x000000b0a3a10000,0x000000b0a3b10000)]
  0x000000b093e137c0 JavaThread "Send Thread 67" [_thread_blocked, id=5116, stack(0x000000b0a3b10000,0x000000b0a3c10000)]
  0x000000b093e13c90 JavaThread "SESSION OF admin user admin" [_thread_in_native, id=4240, stack(0x000000b0a3e10000,0x000000b0a3f10000)]
  0x000000b093e14160 JavaThread "Send Thread 68" [_thread_blocked, id=8132, stack(0x000000b0a6df0000,0x000000b0a6ef0000)]
  0x000000b093e14fd0 JavaThread "SESSION OF satthu user boynhangheo" [_thread_blocked, id=7980, stack(0x000000b0a2110000,0x000000b0a2210000)]
  0x000000b093e132f0 JavaThread "Send Thread 73" [_thread_blocked, id=4232, stack(0x000000b0a3110000,0x000000b0a3210000)]
  0x000000b093e154a0 JavaThread "SESSION OF itachi user itachi" [_thread_blocked, id=5008, stack(0x000000b0a6ef0000,0x000000b0a6ff0000)]
  0x000000b093e14630 JavaThread "Send Thread 77" [_thread_blocked, id=2828, stack(0x000000b0a70e0000,0x000000b0a71e0000)]
  0x000000b093e10c70 JavaThread "SESSION OF taotop2 user taotop2" [_thread_blocked, id=6036, stack(0x000000b0a3410000,0x000000b0a3510000)]
  0x000000b093e12950 JavaThread "Send Thread 80" [_thread_blocked, id=7972, stack(0x000000b0a3510000,0x000000b0a3610000)]
  0x000000b093e102d0 JavaThread "SESSION OF taodaigia user taodaigia" [_thread_blocked, id=7616, stack(0x000000b0937e0000,0x000000b0938e0000)]
  0x000000b093e107a0 JavaThread "Send Thread 87" [_thread_blocked, id=5772, stack(0x000000b0a1410000,0x000000b0a1510000)]
  0x000000b093e0e120 JavaThread "SESSION OF kiem309 user kiem309" [_thread_blocked, id=2852, stack(0x000000b0a1810000,0x000000b0a1910000)]
  0x000000b093e12480 JavaThread "Send Thread 90" [_thread_blocked, id=3616, stack(0x000000b0a1910000,0x000000b0a1a10000)]
  0x000000b09452bf70 JavaThread "SESSION THREAD 114" [_thread_in_native, id=8276, stack(0x000000b0a71e0000,0x000000b0a72e0000)]
  0x000000b094531610 JavaThread "Send Thread 114" [_thread_blocked, id=8932, stack(0x000000b0a72e0000,0x000000b0a73e0000)]
  0x000000b094531fb0 JavaThread "SESSION THREAD 115" [_thread_in_native, id=4008, stack(0x000000b0a8d10000,0x000000b0a8e10000)]
  0x000000b094532480 JavaThread "Send Thread 115" [_thread_blocked, id=6176, stack(0x000000b0a73e0000,0x000000b0a74e0000)]

Other Threads:
=>0x000000b03146e790 VMThread "VM Thread" [stack: 0x000000b04c860000,0x000000b04c960000] [id=7600]
  0x000000b0923805d0 WatcherThread [stack: 0x000000b092800000,0x000000b092900000] [id=2908]
  0x000000b031405560 GCTaskThread "GC Thread#0" [stack: 0x000000b031180000,0x000000b031280000] [id=3796]
  0x000000b092673880 GCTaskThread "GC Thread#1" [stack: 0x000000b093300000,0x000000b093400000] [id=2884]
  0x000000b03140e4a0 ConcurrentGCThread "G1 Main Marker" [stack: 0x000000b04a040000,0x000000b04a140000] [id=196]
  0x000000b03140fec0 ConcurrentGCThread "G1 Conc#0" [stack: 0x000000b04a140000,0x000000b04a240000] [id=5428]
  0x000000b031455600 ConcurrentGCThread "G1 Refine#0" [stack: 0x000000b04c460000,0x000000b04c560000] [id=4640]
  0x000000b092b81a50 ConcurrentGCThread "G1 Refine#1" [stack: 0x000000b093400000,0x000000b093500000] [id=8836]
  0x000000b031456020 ConcurrentGCThread "G1 Service" [stack: 0x000000b04c560000,0x000000b04c660000] [id=8076]

Threads with active compile tasks:

VM state: at safepoint (normal execution)

VM Mutex/Monitor currently owned by a thread:  ([mutex/lock_event])
[0x000000b0313c4900] Threads_lock - owner thread: 0x000000b03146e790
[0x000000b0313c3a60] Heap_lock - owner thread: 0x000000b094b34910

Heap address: 0x00000000c0000000, size: 1024 MB, Compressed Oops mode: 32-bit

CDS archive(s) mapped at: [0x000000b04d000000-0x000000b04dbd0000-0x000000b04dbd0000), size 12386304, SharedBaseAddress: 0x000000b04d000000, ArchiveRelocationMode: 1.
Compressed class space mapped at: 0x000000b04e000000-0x000000b08e000000, reserved size: 1073741824
Narrow klass base: 0x000000b04d000000, Narrow klass shift: 0, Narrow klass range: 0x100000000

GC Precious Log:
 CPUs: 2 total, 2 available
 Memory: 4095M
 Large Page Support: Disabled
 NUMA Support: Disabled
 Compressed Oops: Enabled (32-bit)
 Heap Region Size: 1M
 Heap Min Capacity: 8M
 Heap Initial Capacity: 64M
 Heap Max Capacity: 1G
 Pre-touch: Disabled
 Parallel Workers: 2
 Concurrent Workers: 1
 Concurrent Refinement Workers: 2
 Periodic GC: Disabled

Heap:
 garbage-first heap   total 140288K, used 41454K [0x00000000c0000000, 0x0000000100000000)
  region size 1024K, 1 young (1024K), 1 survivors (1024K)
 Metaspace       used 15732K, committed 15936K, reserved 1114112K
  class space    used 1358K, committed 1472K, reserved 1048576K

Heap Regions: E=young(eden), S=young(survivor), O=old, HS=humongous(starts), HC=humongous(continues), CS=collection set, F=free, OA=open archive, CA=closed archive, TAMS=top-at-mark-start (previous, next)
|   0|0x00000000c0000000, 0x00000000c00fffc0, 0x00000000c0100000| 99%| O|  |TAMS 0x00000000c00fffc0, 0x00000000c0000000| Untracked 
|   1|0x00000000c0100000, 0x00000000c0200000, 0x00000000c0200000|100%| O|  |TAMS 0x00000000c0200000, 0x00000000c0100000| Untracked 
|   2|0x00000000c0200000, 0x00000000c02ffff8, 0x00000000c0300000| 99%| O|  |TAMS 0x00000000c02ffff8, 0x00000000c0200000| Untracked 
|   3|0x00000000c0300000, 0x00000000c0400000, 0x00000000c0400000|100%| O|  |TAMS 0x00000000c0400000, 0x00000000c0300000| Untracked 
|   4|0x00000000c0400000, 0x00000000c04fcb38, 0x00000000c0500000| 98%| O|  |TAMS 0x00000000c04fcb38, 0x00000000c0400000| Untracked 
|   5|0x00000000c0500000, 0x00000000c0600000, 0x00000000c0600000|100%| O|  |TAMS 0x00000000c0600000, 0x00000000c0500000| Untracked 
|   6|0x00000000c0600000, 0x00000000c0700000, 0x00000000c0700000|100%| O|  |TAMS 0x00000000c0700000, 0x00000000c0600000| Untracked 
|   7|0x00000000c0700000, 0x00000000c0800000, 0x00000000c0800000|100%| O|  |TAMS 0x00000000c0800000, 0x00000000c0700000| Untracked 
|   8|0x00000000c0800000, 0x00000000c0900000, 0x00000000c0900000|100%| O|  |TAMS 0x00000000c0900000, 0x00000000c0800000| Untracked 
|   9|0x00000000c0900000, 0x00000000c0a00000, 0x00000000c0a00000|100%| O|  |TAMS 0x00000000c0a00000, 0x00000000c0900000| Untracked 
|  10|0x00000000c0a00000, 0x00000000c0b00000, 0x00000000c0b00000|100%| O|  |TAMS 0x00000000c0b00000, 0x00000000c0a00000| Untracked 
|  11|0x00000000c0b00000, 0x00000000c0c00000, 0x00000000c0c00000|100%| O|  |TAMS 0x00000000c0c00000, 0x00000000c0b00000| Untracked 
|  12|0x00000000c0c00000, 0x00000000c0d00000, 0x00000000c0d00000|100%| O|  |TAMS 0x00000000c0d00000, 0x00000000c0c00000| Untracked 
|  13|0x00000000c0d00000, 0x00000000c0e00000, 0x00000000c0e00000|100%| O|  |TAMS 0x00000000c0e00000, 0x00000000c0d00000| Untracked 
|  14|0x00000000c0e00000, 0x00000000c0f00000, 0x00000000c0f00000|100%| O|  |TAMS 0x00000000c0f00000, 0x00000000c0e00000| Untracked 
|  15|0x00000000c0f00000, 0x00000000c1000000, 0x00000000c1000000|100%| O|  |TAMS 0x00000000c1000000, 0x00000000c0f00000| Untracked 
|  16|0x00000000c1000000, 0x00000000c10fffc8, 0x00000000c1100000| 99%| O|  |TAMS 0x00000000c10fffc8, 0x00000000c1000000| Untracked 
|  17|0x00000000c1100000, 0x00000000c11fffe0, 0x00000000c1200000| 99%| O|  |TAMS 0x00000000c11fffe0, 0x00000000c1100000| Untracked 
|  18|0x00000000c1200000, 0x00000000c1300000, 0x00000000c1300000|100%| O|  |TAMS 0x00000000c1300000, 0x00000000c1200000| Untracked 
|  19|0x00000000c1300000, 0x00000000c1400000, 0x00000000c1400000|100%| O|  |TAMS 0x00000000c1400000, 0x00000000c1300000| Untracked 
|  20|0x00000000c1400000, 0x00000000c1500000, 0x00000000c1500000|100%| O|  |TAMS 0x00000000c1500000, 0x00000000c1400000| Untracked 
|  21|0x00000000c1500000, 0x00000000c1600000, 0x00000000c1600000|100%| O|  |TAMS 0x00000000c1600000, 0x00000000c1500000| Untracked 
|  22|0x00000000c1600000, 0x00000000c1700000, 0x00000000c1700000|100%| O|  |TAMS 0x00000000c1700000, 0x00000000c1600000| Untracked 
|  23|0x00000000c1700000, 0x00000000c1800000, 0x00000000c1800000|100%| O|  |TAMS 0x00000000c1800000, 0x00000000c1700000| Untracked 
|  24|0x00000000c1800000, 0x00000000c1900000, 0x00000000c1900000|100%| O|  |TAMS 0x00000000c1900000, 0x00000000c1800000| Untracked 
|  25|0x00000000c1900000, 0x00000000c1a00000, 0x00000000c1a00000|100%| O|  |TAMS 0x00000000c1a00000, 0x00000000c1900000| Untracked 
|  26|0x00000000c1a00000, 0x00000000c1b00000, 0x00000000c1b00000|100%| O|  |TAMS 0x00000000c1b00000, 0x00000000c1a00000| Untracked 
|  27|0x00000000c1b00000, 0x00000000c1c00000, 0x00000000c1c00000|100%| O|  |TAMS 0x00000000c1c00000, 0x00000000c1b00000| Untracked 
|  28|0x00000000c1c00000, 0x00000000c1d00000, 0x00000000c1d00000|100%| O|  |TAMS 0x00000000c1d00000, 0x00000000c1c00000| Untracked 
|  29|0x00000000c1d00000, 0x00000000c1e00000, 0x00000000c1e00000|100%| O|  |TAMS 0x00000000c1e00000, 0x00000000c1d00000| Untracked 
|  30|0x00000000c1e00000, 0x00000000c1f00000, 0x00000000c1f00000|100%| O|  |TAMS 0x00000000c1f00000, 0x00000000c1e00000| Untracked 
|  31|0x00000000c1f00000, 0x00000000c2000000, 0x00000000c2000000|100%| O|  |TAMS 0x00000000c2000000, 0x00000000c1f00000| Untracked 
|  32|0x00000000c2000000, 0x00000000c2100000, 0x00000000c2100000|100%| O|  |TAMS 0x00000000c2100000, 0x00000000c2000000| Untracked 
|  33|0x00000000c2100000, 0x00000000c2200000, 0x00000000c2200000|100%| O|  |TAMS 0x00000000c2200000, 0x00000000c2100000| Untracked 
|  34|0x00000000c2200000, 0x00000000c2300000, 0x00000000c2300000|100%| O|  |TAMS 0x00000000c2300000, 0x00000000c2200000| Untracked 
|  35|0x00000000c2300000, 0x00000000c2400000, 0x00000000c2400000|100%| O|  |TAMS 0x00000000c2400000, 0x00000000c2300000| Untracked 
|  36|0x00000000c2400000, 0x00000000c24cc508, 0x00000000c2500000| 79%| O|  |TAMS 0x00000000c2400000, 0x00000000c2400000| Untracked 
|  37|0x00000000c2500000, 0x00000000c25ffff8, 0x00000000c2600000| 99%| O|  |TAMS 0x00000000c25ffff8, 0x00000000c2500000| Untracked 
|  38|0x00000000c2600000, 0x00000000c26fffc8, 0x00000000c2700000| 99%| O|  |TAMS 0x00000000c26fffc8, 0x00000000c2600000| Untracked 
|  39|0x00000000c2700000, 0x00000000c2783868, 0x00000000c2800000| 51%| O|  |TAMS 0x00000000c2700000, 0x00000000c2700000| Untracked 
|  40|0x00000000c2800000, 0x00000000c2900000, 0x00000000c2900000|100%|HS|  |TAMS 0x00000000c2900000, 0x00000000c2800000| Untracked 
|  41|0x00000000c2900000, 0x00000000c2900000, 0x00000000c2a00000|  0%| F|  |TAMS 0x00000000c2900000, 0x00000000c2900000| Untracked 
|  42|0x00000000c2a00000, 0x00000000c2a00000, 0x00000000c2b00000|  0%| F|  |TAMS 0x00000000c2a00000, 0x00000000c2a00000| Untracked 
|  43|0x00000000c2b00000, 0x00000000c2b00000, 0x00000000c2c00000|  0%| F|  |TAMS 0x00000000c2b00000, 0x00000000c2b00000| Untracked 
|  44|0x00000000c2c00000, 0x00000000c2c00000, 0x00000000c2d00000|  0%| F|  |TAMS 0x00000000c2c00000, 0x00000000c2c00000| Untracked 
|  45|0x00000000c2d00000, 0x00000000c2d00000, 0x00000000c2e00000|  0%| F|  |TAMS 0x00000000c2d00000, 0x00000000c2d00000| Untracked 
|  46|0x00000000c2e00000, 0x00000000c2e00000, 0x00000000c2f00000|  0%| F|  |TAMS 0x00000000c2e00000, 0x00000000c2e00000| Untracked 
|  47|0x00000000c2f00000, 0x00000000c2f00000, 0x00000000c3000000|  0%| F|  |TAMS 0x00000000c2f00000, 0x00000000c2f00000| Untracked 
|  48|0x00000000c3000000, 0x00000000c3000000, 0x00000000c3100000|  0%| F|  |TAMS 0x00000000c3000000, 0x00000000c3000000| Untracked 
|  49|0x00000000c3100000, 0x00000000c3100000, 0x00000000c3200000|  0%| F|  |TAMS 0x00000000c3100000, 0x00000000c3100000| Untracked 
|  50|0x00000000c3200000, 0x00000000c3200000, 0x00000000c3300000|  0%| F|  |TAMS 0x00000000c3200000, 0x00000000c3200000| Untracked 
|  51|0x00000000c3300000, 0x00000000c3300000, 0x00000000c3400000|  0%| F|  |TAMS 0x00000000c3300000, 0x00000000c3300000| Untracked 
|  52|0x00000000c3400000, 0x00000000c3400000, 0x00000000c3500000|  0%| F|  |TAMS 0x00000000c3400000, 0x00000000c3400000| Untracked 
|  53|0x00000000c3500000, 0x00000000c3500000, 0x00000000c3600000|  0%| F|  |TAMS 0x00000000c3500000, 0x00000000c3500000| Untracked 
|  54|0x00000000c3600000, 0x00000000c3600000, 0x00000000c3700000|  0%| F|  |TAMS 0x00000000c3600000, 0x00000000c3600000| Untracked 
|  55|0x00000000c3700000, 0x00000000c372f070, 0x00000000c3800000| 18%| S|CS|TAMS 0x00000000c3700000, 0x00000000c3700000| Complete 
|  56|0x00000000c3800000, 0x00000000c3800000, 0x00000000c3900000|  0%| F|  |TAMS 0x00000000c3800000, 0x00000000c3800000| Untracked 
|  57|0x00000000c3900000, 0x00000000c3900000, 0x00000000c3a00000|  0%| F|  |TAMS 0x00000000c3900000, 0x00000000c3900000| Untracked 
|  58|0x00000000c3a00000, 0x00000000c3a00000, 0x00000000c3b00000|  0%| F|  |TAMS 0x00000000c3a00000, 0x00000000c3a00000| Untracked 
|  59|0x00000000c3b00000, 0x00000000c3b00000, 0x00000000c3c00000|  0%| F|  |TAMS 0x00000000c3b00000, 0x00000000c3b00000| Untracked 
|  60|0x00000000c3c00000, 0x00000000c3c00000, 0x00000000c3d00000|  0%| F|  |TAMS 0x00000000c3c00000, 0x00000000c3c00000| Untracked 
|  61|0x00000000c3d00000, 0x00000000c3d00000, 0x00000000c3e00000|  0%| F|  |TAMS 0x00000000c3d00000, 0x00000000c3d00000| Untracked 
|  62|0x00000000c3e00000, 0x00000000c3e00000, 0x00000000c3f00000|  0%| F|  |TAMS 0x00000000c3e00000, 0x00000000c3e00000| Untracked 
|  63|0x00000000c3f00000, 0x00000000c3f00000, 0x00000000c4000000|  0%| F|  |TAMS 0x00000000c3f00000, 0x00000000c3f00000| Untracked 
|  64|0x00000000c4000000, 0x00000000c4000000, 0x00000000c4100000|  0%| F|  |TAMS 0x00000000c4000000, 0x00000000c4000000| Untracked 
|  65|0x00000000c4100000, 0x00000000c4100000, 0x00000000c4200000|  0%| F|  |TAMS 0x00000000c4100000, 0x00000000c4100000| Untracked 
|  66|0x00000000c4200000, 0x00000000c4200000, 0x00000000c4300000|  0%| F|  |TAMS 0x00000000c4200000, 0x00000000c4200000| Untracked 
|  67|0x00000000c4300000, 0x00000000c4300000, 0x00000000c4400000|  0%| F|  |TAMS 0x00000000c4300000, 0x00000000c4300000| Untracked 
|  68|0x00000000c4400000, 0x00000000c4400000, 0x00000000c4500000|  0%| F|  |TAMS 0x00000000c4400000, 0x00000000c4400000| Untracked 
|  69|0x00000000c4500000, 0x00000000c4500000, 0x00000000c4600000|  0%| F|  |TAMS 0x00000000c4500000, 0x00000000c4500000| Untracked 
|  70|0x00000000c4600000, 0x00000000c4600000, 0x00000000c4700000|  0%| F|  |TAMS 0x00000000c4600000, 0x00000000c4600000| Untracked 
|  71|0x00000000c4700000, 0x00000000c4700000, 0x00000000c4800000|  0%| F|  |TAMS 0x00000000c4700000, 0x00000000c4700000| Untracked 
|  72|0x00000000c4800000, 0x00000000c4800000, 0x00000000c4900000|  0%| F|  |TAMS 0x00000000c4800000, 0x00000000c4800000| Untracked 
|  73|0x00000000c4900000, 0x00000000c4900000, 0x00000000c4a00000|  0%| F|  |TAMS 0x00000000c4900000, 0x00000000c4900000| Untracked 
|  74|0x00000000c4a00000, 0x00000000c4a00000, 0x00000000c4b00000|  0%| F|  |TAMS 0x00000000c4a00000, 0x00000000c4a00000| Untracked 
|  75|0x00000000c4b00000, 0x00000000c4b00000, 0x00000000c4c00000|  0%| F|  |TAMS 0x00000000c4b00000, 0x00000000c4b00000| Untracked 
|  76|0x00000000c4c00000, 0x00000000c4c00000, 0x00000000c4d00000|  0%| F|  |TAMS 0x00000000c4c00000, 0x00000000c4c00000| Untracked 
|  77|0x00000000c4d00000, 0x00000000c4d00000, 0x00000000c4e00000|  0%| F|  |TAMS 0x00000000c4d00000, 0x00000000c4d00000| Untracked 
|  78|0x00000000c4e00000, 0x00000000c4e00000, 0x00000000c4f00000|  0%| F|  |TAMS 0x00000000c4e00000, 0x00000000c4e00000| Untracked 
|  79|0x00000000c4f00000, 0x00000000c4f00000, 0x00000000c5000000|  0%| F|  |TAMS 0x00000000c4f00000, 0x00000000c4f00000| Untracked 
|  80|0x00000000c5000000, 0x00000000c5000000, 0x00000000c5100000|  0%| F|  |TAMS 0x00000000c5000000, 0x00000000c5000000| Untracked 
|  81|0x00000000c5100000, 0x00000000c5100000, 0x00000000c5200000|  0%| F|  |TAMS 0x00000000c5100000, 0x00000000c5100000| Untracked 
|  82|0x00000000c5200000, 0x00000000c5200000, 0x00000000c5300000|  0%| F|  |TAMS 0x00000000c5200000, 0x00000000c5200000| Untracked 
|  83|0x00000000c5300000, 0x00000000c5300000, 0x00000000c5400000|  0%| F|  |TAMS 0x00000000c5300000, 0x00000000c5300000| Untracked 
|  84|0x00000000c5400000, 0x00000000c5400000, 0x00000000c5500000|  0%| F|  |TAMS 0x00000000c5400000, 0x00000000c5400000| Untracked 
|  85|0x00000000c5500000, 0x00000000c5500000, 0x00000000c5600000|  0%| F|  |TAMS 0x00000000c5500000, 0x00000000c5500000| Untracked 
|  86|0x00000000c5600000, 0x00000000c5600000, 0x00000000c5700000|  0%| F|  |TAMS 0x00000000c5600000, 0x00000000c5600000| Untracked 
|  87|0x00000000c5700000, 0x00000000c5700000, 0x00000000c5800000|  0%| F|  |TAMS 0x00000000c5700000, 0x00000000c5700000| Untracked 
|  88|0x00000000c5800000, 0x00000000c5800000, 0x00000000c5900000|  0%| F|  |TAMS 0x00000000c5800000, 0x00000000c5800000| Untracked 
|  89|0x00000000c5900000, 0x00000000c5900000, 0x00000000c5a00000|  0%| F|  |TAMS 0x00000000c5900000, 0x00000000c5900000| Untracked 
|  90|0x00000000c5a00000, 0x00000000c5a00000, 0x00000000c5b00000|  0%| F|  |TAMS 0x00000000c5a00000, 0x00000000c5a00000| Untracked 
|  91|0x00000000c5b00000, 0x00000000c5b00000, 0x00000000c5c00000|  0%| F|  |TAMS 0x00000000c5b00000, 0x00000000c5b00000| Untracked 
|  92|0x00000000c5c00000, 0x00000000c5c00000, 0x00000000c5d00000|  0%| F|  |TAMS 0x00000000c5c00000, 0x00000000c5c00000| Untracked 
|  93|0x00000000c5d00000, 0x00000000c5d00000, 0x00000000c5e00000|  0%| F|  |TAMS 0x00000000c5d00000, 0x00000000c5d00000| Untracked 
|  94|0x00000000c5e00000, 0x00000000c5e00000, 0x00000000c5f00000|  0%| F|  |TAMS 0x00000000c5e00000, 0x00000000c5e00000| Untracked 
|  95|0x00000000c5f00000, 0x00000000c5f00000, 0x00000000c6000000|  0%| F|  |TAMS 0x00000000c5f00000, 0x00000000c5f00000| Untracked 
|  96|0x00000000c6000000, 0x00000000c6000000, 0x00000000c6100000|  0%| F|  |TAMS 0x00000000c6000000, 0x00000000c6000000| Untracked 
|  97|0x00000000c6100000, 0x00000000c6100000, 0x00000000c6200000|  0%| F|  |TAMS 0x00000000c6100000, 0x00000000c6100000| Untracked 
|  98|0x00000000c6200000, 0x00000000c6200000, 0x00000000c6300000|  0%| F|  |TAMS 0x00000000c6200000, 0x00000000c6200000| Untracked 
|  99|0x00000000c6300000, 0x00000000c6300000, 0x00000000c6400000|  0%| F|  |TAMS 0x00000000c6300000, 0x00000000c6300000| Untracked 
| 100|0x00000000c6400000, 0x00000000c6400000, 0x00000000c6500000|  0%| F|  |TAMS 0x00000000c6400000, 0x00000000c6400000| Untracked 
| 101|0x00000000c6500000, 0x00000000c6500000, 0x00000000c6600000|  0%| F|  |TAMS 0x00000000c6500000, 0x00000000c6500000| Untracked 
| 102|0x00000000c6600000, 0x00000000c6600000, 0x00000000c6700000|  0%| F|  |TAMS 0x00000000c6600000, 0x00000000c6600000| Untracked 
| 103|0x00000000c6700000, 0x00000000c6700000, 0x00000000c6800000|  0%| F|  |TAMS 0x00000000c6700000, 0x00000000c6700000| Untracked 
| 104|0x00000000c6800000, 0x00000000c6800000, 0x00000000c6900000|  0%| F|  |TAMS 0x00000000c6800000, 0x00000000c6800000| Untracked 
| 105|0x00000000c6900000, 0x00000000c6900000, 0x00000000c6a00000|  0%| F|  |TAMS 0x00000000c6900000, 0x00000000c6900000| Untracked 
| 106|0x00000000c6a00000, 0x00000000c6a00000, 0x00000000c6b00000|  0%| F|  |TAMS 0x00000000c6a00000, 0x00000000c6a00000| Untracked 
| 107|0x00000000c6b00000, 0x00000000c6b00000, 0x00000000c6c00000|  0%| F|  |TAMS 0x00000000c6b00000, 0x00000000c6b00000| Untracked 
| 108|0x00000000c6c00000, 0x00000000c6c00000, 0x00000000c6d00000|  0%| F|  |TAMS 0x00000000c6c00000, 0x00000000c6c00000| Untracked 
| 109|0x00000000c6d00000, 0x00000000c6d00000, 0x00000000c6e00000|  0%| F|  |TAMS 0x00000000c6d00000, 0x00000000c6d00000| Untracked 
| 110|0x00000000c6e00000, 0x00000000c6e00000, 0x00000000c6f00000|  0%| F|  |TAMS 0x00000000c6e00000, 0x00000000c6e00000| Untracked 
| 111|0x00000000c6f00000, 0x00000000c6f00000, 0x00000000c7000000|  0%| F|  |TAMS 0x00000000c6f00000, 0x00000000c6f00000| Untracked 
| 112|0x00000000c7000000, 0x00000000c7000000, 0x00000000c7100000|  0%| F|  |TAMS 0x00000000c7000000, 0x00000000c7000000| Untracked 
| 113|0x00000000c7100000, 0x00000000c7100000, 0x00000000c7200000|  0%| F|  |TAMS 0x00000000c7100000, 0x00000000c7100000| Untracked 
| 114|0x00000000c7200000, 0x00000000c7200000, 0x00000000c7300000|  0%| F|  |TAMS 0x00000000c7200000, 0x00000000c7200000| Untracked 
| 115|0x00000000c7300000, 0x00000000c7300000, 0x00000000c7400000|  0%| F|  |TAMS 0x00000000c7300000, 0x00000000c7300000| Untracked 
| 116|0x00000000c7400000, 0x00000000c7400000, 0x00000000c7500000|  0%| F|  |TAMS 0x00000000c7400000, 0x00000000c7400000| Untracked 
| 117|0x00000000c7500000, 0x00000000c7500000, 0x00000000c7600000|  0%| F|  |TAMS 0x00000000c7500000, 0x00000000c7500000| Untracked 
| 118|0x00000000c7600000, 0x00000000c7600000, 0x00000000c7700000|  0%| F|  |TAMS 0x00000000c7600000, 0x00000000c7600000| Untracked 
| 119|0x00000000c7700000, 0x00000000c7700000, 0x00000000c7800000|  0%| F|  |TAMS 0x00000000c7700000, 0x00000000c7700000| Untracked 
| 120|0x00000000c7800000, 0x00000000c7800000, 0x00000000c7900000|  0%| F|  |TAMS 0x00000000c7800000, 0x00000000c7800000| Untracked 
| 121|0x00000000c7900000, 0x00000000c7900000, 0x00000000c7a00000|  0%| F|  |TAMS 0x00000000c7900000, 0x00000000c7900000| Untracked 
| 122|0x00000000c7a00000, 0x00000000c7a00000, 0x00000000c7b00000|  0%| F|  |TAMS 0x00000000c7a00000, 0x00000000c7a00000| Untracked 
| 123|0x00000000c7b00000, 0x00000000c7b00000, 0x00000000c7c00000|  0%| F|  |TAMS 0x00000000c7b00000, 0x00000000c7b00000| Untracked 
| 124|0x00000000c7c00000, 0x00000000c7c00000, 0x00000000c7d00000|  0%| F|  |TAMS 0x00000000c7c00000, 0x00000000c7c00000| Untracked 
| 125|0x00000000c7d00000, 0x00000000c7d00000, 0x00000000c7e00000|  0%| F|  |TAMS 0x00000000c7d00000, 0x00000000c7d00000| Untracked 
| 126|0x00000000c7e00000, 0x00000000c7e00000, 0x00000000c7f00000|  0%| F|  |TAMS 0x00000000c7e00000, 0x00000000c7e00000| Untracked 
| 127|0x00000000c7f00000, 0x00000000c7f00000, 0x00000000c8000000|  0%| F|  |TAMS 0x00000000c7f00000, 0x00000000c7f00000| Untracked 
| 128|0x00000000c8000000, 0x00000000c8000000, 0x00000000c8100000|  0%| F|  |TAMS 0x00000000c8000000, 0x00000000c8000000| Untracked 
| 129|0x00000000c8100000, 0x00000000c8100000, 0x00000000c8200000|  0%| F|  |TAMS 0x00000000c8100000, 0x00000000c8100000| Untracked 
| 130|0x00000000c8200000, 0x00000000c8200000, 0x00000000c8300000|  0%| F|  |TAMS 0x00000000c8200000, 0x00000000c8200000| Untracked 
| 131|0x00000000c8300000, 0x00000000c8300000, 0x00000000c8400000|  0%| F|  |TAMS 0x00000000c8300000, 0x00000000c8300000| Untracked 
| 132|0x00000000c8400000, 0x00000000c8400000, 0x00000000c8500000|  0%| F|  |TAMS 0x00000000c8400000, 0x00000000c8400000| Untracked 
| 133|0x00000000c8500000, 0x00000000c8500000, 0x00000000c8600000|  0%| F|  |TAMS 0x00000000c8500000, 0x00000000c8500000| Untracked 
| 134|0x00000000c8600000, 0x00000000c8600000, 0x00000000c8700000|  0%| F|  |TAMS 0x00000000c8600000, 0x00000000c8600000| Untracked 
| 135|0x00000000c8700000, 0x00000000c8700000, 0x00000000c8800000|  0%| F|  |TAMS 0x00000000c8700000, 0x00000000c8700000| Untracked 
| 136|0x00000000c8800000, 0x00000000c8800000, 0x00000000c8900000|  0%| F|  |TAMS 0x00000000c8800000, 0x00000000c8800000| Untracked 

Card table byte_map: [0x000000b047c40000,0x000000b047e40000] _byte_map_base: 0x000000b047640000

Marking Bits (Prev, Next): (CMBitMap*) 0x000000b031405b70, (CMBitMap*) 0x000000b031405bb0
 Prev Bits: [0x000000b048040000, 0x000000b049040000)
 Next Bits: [0x000000b049040000, 0x000000b04a040000)

Polling page: 0x000000b02f2a0000

Metaspace:

Usage:
  Non-class:     14.04 MB used.
      Class:      1.33 MB used.
       Both:     15.36 MB used.

Virtual space:
  Non-class space:       64.00 MB reserved,      14.12 MB ( 22%) committed,  1 nodes.
      Class space:        1.00 GB reserved,       1.44 MB ( <1%) committed,  1 nodes.
             Both:        1.06 GB reserved,      15.56 MB (  1%) committed. 

Chunk freelists:
   Non-Class:  1.41 MB
       Class:  14.51 MB
        Both:  15.92 MB

MaxMetaspaceSize: unlimited
CompressedClassSpaceSize: 1.00 GB
Initial GC threshold: 21.00 MB
Current GC threshold: 25.94 MB
CDS: on
MetaspaceReclaimPolicy: balanced
 - commit_granule_bytes: 65536.
 - commit_granule_words: 8192.
 - virtual_space_node_default_size: 8388608.
 - enlarge_chunks_in_place: 1.
 - new_chunks_are_fully_committed: 0.
 - uncommit_free_chunks: 1.
 - use_allocation_guard: 0.
 - handle_deallocations: 1.


Internal statistics:

num_allocs_failed_limit: 0.
num_arena_births: 212.
num_arena_deaths: 60.
num_vsnodes_births: 2.
num_vsnodes_deaths: 0.
num_space_committed: 245.
num_space_uncommitted: 0.
num_chunks_returned_to_freelist: 82.
num_chunks_taken_from_freelist: 756.
num_chunk_merges: 28.
num_chunk_splits: 459.
num_chunks_enlarged: 276.
num_purges: 4.
num_inconsistent_stats: 0.

CodeHeap 'non-profiled nmethods': size=120064Kb used=5798Kb max_used=5798Kb free=114265Kb
 bounds [0x000000b040700000, 0x000000b040cd0000, 0x000000b047c40000]
CodeHeap 'profiled nmethods': size=120000Kb used=7302Kb max_used=8284Kb free=112697Kb
 bounds [0x000000b038c40000, 0x000000b039570000, 0x000000b040170000]
CodeHeap 'non-nmethods': size=5696Kb used=1221Kb max_used=1360Kb free=4474Kb
 bounds [0x000000b040170000, 0x000000b0403e0000, 0x000000b040700000]
 total_blobs=3868 nmethods=3341 adapters=439
 compilation: enabled
              stopped_count=0, restarted_count=0
 full_count=0

Compilation events (20 events):
Event: 1085.909 Thread 0x000000b04c7a6490 4672   !   4       real.User::mobMeMessage (230 bytes)
Event: 1086.148 Thread 0x000000b04c7a6490 nmethod 4672 0x000000b040ab6210 code [0x000000b040ab6720, 0x000000b040abc740]
Event: 1114.020 Thread 0x000000b04c7a6490 4673   !   4       com.mysql.jdbc.ResultSetImpl::getShort (369 bytes)
Event: 1114.054 Thread 0x000000b04c7a6490 nmethod 4673 0x000000b040bd1e10 code [0x000000b040bd2080, 0x000000b040bd3500]
Event: 1114.054 Thread 0x000000b04c7a6490 4674       4       com.mysql.jdbc.StringUtils::getShort (282 bytes)
Event: 1114.064 Thread 0x000000b04c7a6490 nmethod 4674 0x000000b040a46a10 code [0x000000b040a46bc0, 0x000000b040a47318]
Event: 1118.771 Thread 0x000000b04c7a6490 4675 % !   4       threading.Manager::sendSkill @ 2454 (4528 bytes)
Event: 1119.334 Thread 0x000000b04c7b6090 4677       3       java.util.IdentityHashMap::isEmpty (13 bytes)
Event: 1119.335 Thread 0x000000b04c7b6090 nmethod 4677 0x000000b0391af510 code [0x000000b0391af6a0, 0x000000b0391af818]
Event: 1119.335 Thread 0x000000b04c7b6090 4678       3       java.util.IdentityHashMap::keySet (25 bytes)
Event: 1119.335 Thread 0x000000b04c7b6090 nmethod 4678 0x000000b038f5a790 code [0x000000b038f5a940, 0x000000b038f5ad18]
Event: 1120.291 Thread 0x000000b04c7a6490 nmethod 4675% 0x000000b040c6f910 code [0x000000b040c71400, 0x000000b040c880f0]
Event: 1120.292 Thread 0x000000b04c7a6490 4676       4       com.mysql.jdbc.ResultSetImpl::getShort (10 bytes)
Event: 1120.293 Thread 0x000000b04c7a6490 nmethod 4676 0x000000b0408a5990 code [0x000000b0408a5b20, 0x000000b0408a5bd8]
Event: 1127.486 Thread 0x000000b04c7a6490 4679 %     4       real.Ninja::quantityItemyTotal @ 4 (51 bytes)
Event: 1127.491 Thread 0x000000b04c7a6490 nmethod 4679% 0x000000b0408a5490 code [0x000000b0408a5620, 0x000000b0408a5858]
Event: 1129.782 Thread 0x000000b04c7a6490 4680 % !   4       threading.Manager::sendSkill @ 1206 (4528 bytes)
Event: 1132.119 Thread 0x000000b04c7a6490 nmethod 4680% 0x000000b040c93290 code [0x000000b040c95a20, 0x000000b040cb4620]
Event: 1132.120 Thread 0x000000b04c7a6490 4681   !   4       com.fasterxml.jackson.core.base.ParserBase::close (46 bytes)
Event: 1132.130 Thread 0x000000b04c7a6490 nmethod 4681 0x000000b040a72e10 code [0x000000b040a72fc0, 0x000000b040a73638]

GC Heap History (20 events):
Event: 1115.893 GC heap after
{Heap after GC invocations=658 (full 72):
 garbage-first heap   total 140288K, used 41324K [0x00000000c0000000, 0x0000000100000000)
  region size 1024K, 1 young (1024K), 1 survivors (1024K)
 Metaspace       used 15731K, committed 15936K, reserved 1114112K
  class space    used 1358K, committed 1472K, reserved 1048576K
}
Event: 1117.041 GC heap before
{Heap before GC invocations=658 (full 72):
 garbage-first heap   total 140288K, used 86380K [0x00000000c0000000, 0x0000000100000000)
  region size 1024K, 46 young (47104K), 1 survivors (1024K)
 Metaspace       used 15731K, committed 15936K, reserved 1114112K
  class space    used 1358K, committed 1472K, reserved 1048576K
}
Event: 1117.100 GC heap after
{Heap after GC invocations=659 (full 73):
 garbage-first heap   total 140288K, used 41217K [0x00000000c0000000, 0x0000000100000000)
  region size 1024K, 0 young (0K), 0 survivors (0K)
 Metaspace       used 15731K, committed 15936K, reserved 1114112K
  class space    used 1358K, committed 1472K, reserved 1048576K
}
Event: 1120.586 GC heap before
{Heap before GC invocations=659 (full 73):
 garbage-first heap   total 140288K, used 123137K [0x00000000c0000000, 0x0000000100000000)
  region size 1024K, 81 young (82944K), 0 survivors (0K)
 Metaspace       used 15732K, committed 15936K, reserved 1114112K
  class space    used 1358K, committed 1472K, reserved 1048576K
}
Event: 1120.588 GC heap after
{Heap after GC invocations=660 (full 73):
 garbage-first heap   total 140288K, used 41352K [0x00000000c0000000, 0x0000000100000000)
  region size 1024K, 1 young (1024K), 1 survivors (1024K)
 Metaspace       used 15732K, committed 15936K, reserved 1114112K
  class space    used 1358K, committed 1472K, reserved 1048576K
}
Event: 1122.068 GC heap before
{Heap before GC invocations=660 (full 73):
 garbage-first heap   total 140288K, used 123272K [0x00000000c0000000, 0x0000000100000000)
  region size 1024K, 81 young (82944K), 1 survivors (1024K)
 Metaspace       used 15732K, committed 15936K, reserved 1114112K
  class space    used 1358K, committed 1472K, reserved 1048576K
}
Event: 1122.070 GC heap after
{Heap after GC invocations=661 (full 73):
 garbage-first heap   total 140288K, used 41361K [0x00000000c0000000, 0x0000000100000000)
  region size 1024K, 1 young (1024K), 1 survivors (1024K)
 Metaspace       used 15732K, committed 15936K, reserved 1114112K
  class space    used 1358K, committed 1472K, reserved 1048576K
}
Event: 1124.268 GC heap before
{Heap before GC invocations=661 (full 73):
 garbage-first heap   total 140288K, used 122257K [0x00000000c0000000, 0x0000000100000000)
  region size 1024K, 81 young (82944K), 1 survivors (1024K)
 Metaspace       used 15732K, committed 15936K, reserved 1114112K
  class space    used 1358K, committed 1472K, reserved 1048576K
}
Event: 1124.274 GC heap after
{Heap after GC invocations=662 (full 73):
 garbage-first heap   total 140288K, used 41456K [0x00000000c0000000, 0x0000000100000000)
  region size 1024K, 1 young (1024K), 1 survivors (1024K)
 Metaspace       used 15732K, committed 15936K, reserved 1114112K
  class space    used 1358K, committed 1472K, reserved 1048576K
}
Event: 1124.303 GC heap before
{Heap before GC invocations=662 (full 73):
 garbage-first heap   total 140288K, used 72176K [0x00000000c0000000, 0x0000000100000000)
  region size 1024K, 33 young (33792K), 1 survivors (1024K)
 Metaspace       used 15732K, committed 15936K, reserved 1114112K
  class space    used 1358K, committed 1472K, reserved 1048576K
}
Event: 1124.358 GC heap after
{Heap after GC invocations=663 (full 74):
 garbage-first heap   total 140288K, used 41265K [0x00000000c0000000, 0x0000000100000000)
  region size 1024K, 0 young (0K), 0 survivors (0K)
 Metaspace       used 15732K, committed 15936K, reserved 1114112K
  class space    used 1358K, committed 1472K, reserved 1048576K
}
Event: 1128.013 GC heap before
{Heap before GC invocations=663 (full 74):
 garbage-first heap   total 140288K, used 124209K [0x00000000c0000000, 0x0000000100000000)
  region size 1024K, 81 young (82944K), 0 survivors (0K)
 Metaspace       used 15732K, committed 15936K, reserved 1114112K
  class space    used 1358K, committed 1472K, reserved 1048576K
}
Event: 1128.015 GC heap after
{Heap after GC invocations=664 (full 74):
 garbage-first heap   total 140288K, used 41304K [0x00000000c0000000, 0x0000000100000000)
  region size 1024K, 1 young (1024K), 1 survivors (1024K)
 Metaspace       used 15732K, committed 15936K, reserved 1114112K
  class space    used 1358K, committed 1472K, reserved 1048576K
}
Event: 1130.542 GC heap before
{Heap before GC invocations=664 (full 74):
 garbage-first heap   total 140288K, used 122200K [0x00000000c0000000, 0x0000000100000000)
  region size 1024K, 81 young (82944K), 1 survivors (1024K)
 Metaspace       used 15732K, committed 15936K, reserved 1114112K
  class space    used 1358K, committed 1472K, reserved 1048576K
}
Event: 1130.544 GC heap after
{Heap after GC invocations=665 (full 74):
 garbage-first heap   total 140288K, used 41403K [0x00000000c0000000, 0x0000000100000000)
  region size 1024K, 1 young (1024K), 1 survivors (1024K)
 Metaspace       used 15732K, committed 15936K, reserved 1114112K
  class space    used 1358K, committed 1472K, reserved 1048576K
}
Event: 1132.241 GC heap before
{Heap before GC invocations=665 (full 74):
 garbage-first heap   total 140288K, used 122299K [0x00000000c0000000, 0x0000000100000000)
  region size 1024K, 81 young (82944K), 1 survivors (1024K)
 Metaspace       used 15732K, committed 15936K, reserved 1114112K
  class space    used 1358K, committed 1472K, reserved 1048576K
}
Event: 1132.243 GC heap after
{Heap after GC invocations=666 (full 74):
 garbage-first heap   total 140288K, used 41503K [0x00000000c0000000, 0x0000000100000000)
  region size 1024K, 1 young (1024K), 1 survivors (1024K)
 Metaspace       used 15732K, committed 15936K, reserved 1114112K
  class space    used 1358K, committed 1472K, reserved 1048576K
}
Event: 1132.315 GC heap before
{Heap before GC invocations=666 (full 74):
 garbage-first heap   total 140288K, used 122399K [0x00000000c0000000, 0x0000000100000000)
  region size 1024K, 81 young (82944K), 1 survivors (1024K)
 Metaspace       used 15732K, committed 15936K, reserved 1114112K
  class space    used 1358K, committed 1472K, reserved 1048576K
}
Event: 1132.317 GC heap after
{Heap after GC invocations=667 (full 74):
 garbage-first heap   total 140288K, used 41506K [0x00000000c0000000, 0x0000000100000000)
  region size 1024K, 1 young (1024K), 1 survivors (1024K)
 Metaspace       used 15732K, committed 15936K, reserved 1114112K
  class space    used 1358K, committed 1472K, reserved 1048576K
}
Event: 1132.403 GC heap before
{Heap before GC invocations=667 (full 74):
 garbage-first heap   total 140288K, used 122402K [0x00000000c0000000, 0x0000000100000000)
  region size 1024K, 81 young (82944K), 1 survivors (1024K)
 Metaspace       used 15732K, committed 15936K, reserved 1114112K
  class space    used 1358K, committed 1472K, reserved 1048576K
}

Deoptimization events (20 events):
Event: 783.353 Thread 0x000000b09452bf70 Uncommon trap: trap_request=0xfffffff4 fr.pc=0x000000b0407fcd6c relative=0x000000000000022c
Event: 783.353 Thread 0x000000b09452bf70 Uncommon trap: reason=null_check action=make_not_entrant pc=0x000000b0407fcd6c method=real.ItemData.isTypeBody(I)Z @ 10 c2
Event: 783.353 Thread 0x000000b09452bf70 DEOPT PACKING pc=0x000000b0407fcd6c sp=0x000000b0a72df420
Event: 783.353 Thread 0x000000b09452bf70 DEOPT UNPACKING pc=0x000000b0401c23a3 sp=0x000000b0a72df3c8 mode 2
Event: 783.362 Thread 0x000000b094b34910 Uncommon trap: trap_request=0xffffff45 fr.pc=0x000000b040af2408 relative=0x000000000000e3c8
Event: 783.362 Thread 0x000000b094b34910 Uncommon trap: reason=unstable_if action=reinterpret pc=0x000000b040af2408 method=real.Ninja.flush()V @ 2858 c2
Event: 783.362 Thread 0x000000b094b34910 DEOPT PACKING pc=0x000000b040af2408 sp=0x000000b09620f4d0
Event: 783.362 Thread 0x000000b094b34910 DEOPT UNPACKING pc=0x000000b0401c23a3 sp=0x000000b09620f4d0 mode 2
Event: 844.470 Thread 0x000000b094b34910 DEOPT PACKING pc=0x000000b03943f01d sp=0x000000b09620efc0
Event: 844.470 Thread 0x000000b094b34910 DEOPT UNPACKING pc=0x000000b0401c2b43 sp=0x000000b09620e9c8 mode 0
Event: 855.826 Thread 0x000000b094425000 DEOPT PACKING pc=0x000000b039127081 sp=0x000000b0a260f4d0
Event: 855.826 Thread 0x000000b094425000 DEOPT UNPACKING pc=0x000000b0401c2b43 sp=0x000000b0a260ea10 mode 0
Event: 864.817 Thread 0x000000b094b34910 DEOPT PACKING pc=0x000000b03943f01d sp=0x000000b09620efc0
Event: 864.817 Thread 0x000000b094b34910 DEOPT UNPACKING pc=0x000000b0401c2b43 sp=0x000000b09620e9c8 mode 0
Event: 865.189 Thread 0x000000b094b34910 DEOPT PACKING pc=0x000000b03943f01d sp=0x000000b09620efc0
Event: 865.189 Thread 0x000000b094b34910 DEOPT UNPACKING pc=0x000000b0401c2b43 sp=0x000000b09620e9c8 mode 0
Event: 880.159 Thread 0x000000b094530c70 DEOPT PACKING pc=0x000000b038f77a7c sp=0x000000b0a1f0f1a0
Event: 880.159 Thread 0x000000b094530c70 DEOPT UNPACKING pc=0x000000b0401c2b43 sp=0x000000b0a1f0e690 mode 0
Event: 907.654 Thread 0x000000b094b34910 DEOPT PACKING pc=0x000000b03943f01d sp=0x000000b09620efc0
Event: 907.654 Thread 0x000000b094b34910 DEOPT UNPACKING pc=0x000000b0401c2b43 sp=0x000000b09620e9c8 mode 0

Classes unloaded (20 events):
Event: 13.132 Thread 0x000000b03146e790 Unloading class 0x000000b04e126800 'java/lang/invoke/LambdaForm$DMH+0x000000b04e126800'
Event: 13.132 Thread 0x000000b03146e790 Unloading class 0x000000b04e126400 'java/lang/invoke/LambdaForm$DMH+0x000000b04e126400'
Event: 13.132 Thread 0x000000b03146e790 Unloading class 0x000000b04e126000 'java/lang/invoke/LambdaForm$DMH+0x000000b04e126000'
Event: 13.132 Thread 0x000000b03146e790 Unloading class 0x000000b04e125c00 'java/lang/invoke/LambdaForm$DMH+0x000000b04e125c00'
Event: 13.132 Thread 0x000000b03146e790 Unloading class 0x000000b04e125800 'java/lang/invoke/LambdaForm$DMH+0x000000b04e125800'
Event: 13.132 Thread 0x000000b03146e790 Unloading class 0x000000b04e125400 'java/lang/invoke/LambdaForm$DMH+0x000000b04e125400'
Event: 13.132 Thread 0x000000b03146e790 Unloading class 0x000000b04e125000 'java/lang/invoke/LambdaForm$DMH+0x000000b04e125000'
Event: 13.132 Thread 0x000000b03146e790 Unloading class 0x000000b04e124c00 'java/lang/invoke/LambdaForm$DMH+0x000000b04e124c00'
Event: 13.132 Thread 0x000000b03146e790 Unloading class 0x000000b04e124800 'java/lang/invoke/LambdaForm$DMH+0x000000b04e124800'
Event: 13.132 Thread 0x000000b03146e790 Unloading class 0x000000b04e124400 'java/lang/invoke/LambdaForm$DMH+0x000000b04e124400'
Event: 996.779 Thread 0x000000b03146e790 Unloading class 0x000000b04e12bc00 'java/lang/invoke/LambdaForm$MH+0x000000b04e12bc00'
Event: 996.779 Thread 0x000000b03146e790 Unloading class 0x000000b04e12b800 'java/lang/invoke/LambdaForm$MH+0x000000b04e12b800'
Event: 996.779 Thread 0x000000b03146e790 Unloading class 0x000000b04e12b000 'java/lang/invoke/LambdaForm$MH+0x000000b04e12b000'
Event: 996.779 Thread 0x000000b03146e790 Unloading class 0x000000b04e12a800 'java/lang/invoke/LambdaForm$DMH+0x000000b04e12a800'
Event: 996.779 Thread 0x000000b03146e790 Unloading class 0x000000b04e127000 'java/lang/invoke/LambdaForm$DMH+0x000000b04e127000'
Event: 996.779 Thread 0x000000b03146e790 Unloading class 0x000000b04e08d000 'jdk/internal/reflect/GeneratedConstructorAccessor3'
Event: 996.779 Thread 0x000000b03146e790 Unloading class 0x000000b04e011400 'java/lang/invoke/LambdaForm$MH+0x000000b04e011400'
Event: 996.779 Thread 0x000000b03146e790 Unloading class 0x000000b04e010c00 'java/lang/invoke/LambdaForm$MH+0x000000b04e010c00'
Event: 996.779 Thread 0x000000b03146e790 Unloading class 0x000000b04e010400 'java/lang/invoke/LambdaForm$MH+0x000000b04e010400'
Event: 996.779 Thread 0x000000b03146e790 Unloading class 0x000000b04e008400 'java/lang/invoke/LambdaForm$MH+0x000000b04e008400'

Classes redefined (0 events):
No events

Internal exceptions (20 events):
Event: 1127.044 Thread 0x000000b093e080e0 Exception <a 'java/lang/ArrayIndexOutOfBoundsException'{0x00000000c5add5c0}> (0x00000000c5add5c0) 
thrown [s\open\src\hotspot\share\runtime\sharedRuntime.cpp, line 628]
Event: 1127.697 Thread 0x000000b093e0b100 Exception <a 'java/lang/ArrayIndexOutOfBoundsException'{0x00000000c46fc970}> (0x00000000c46fc970) 
thrown [s\open\src\hotspot\share\runtime\sharedRuntime.cpp, line 628]
Event: 1127.841 Thread 0x000000b0944284f0 Exception <a 'java/lang/ArrayIndexOutOfBoundsException'{0x00000000c4167500}> (0x00000000c4167500) 
thrown [s\open\src\hotspot\share\runtime\sharedRuntime.cpp, line 628]
Event: 1127.841 Thread 0x000000b0944284f0 Exception <a 'java/lang/ArrayIndexOutOfBoundsException'{0x00000000c4169878}> (0x00000000c4169878) 
thrown [s\open\src\hotspot\share\runtime\sharedRuntime.cpp, line 628]
Event: 1128.160 Thread 0x000000b0944284f0 Exception <a 'java/lang/ArrayIndexOutOfBoundsException'{0x00000000c8774e38}> (0x00000000c8774e38) 
thrown [s\open\src\hotspot\share\runtime\sharedRuntime.cpp, line 628]
Event: 1128.412 Thread 0x000000b093e080e0 Exception <a 'java/lang/ArrayIndexOutOfBoundsException'{0x00000000c7c2c5b0}> (0x00000000c7c2c5b0) 
thrown [s\open\src\hotspot\share\runtime\sharedRuntime.cpp, line 628]
Event: 1128.564 Thread 0x000000b093e08a80 Exception <a 'java/lang/ArrayIndexOutOfBoundsException'{0x00000000c7a0f4e0}> (0x00000000c7a0f4e0) 
thrown [s\open\src\hotspot\share\runtime\sharedRuntime.cpp, line 628]
Event: 1128.995 Thread 0x000000b09442a1d0 Exception <a 'java/lang/ArrayIndexOutOfBoundsException'{0x00000000c73566a0}> (0x00000000c73566a0) 
thrown [s\open\src\hotspot\share\runtime\sharedRuntime.cpp, line 628]
Event: 1128.995 Thread 0x000000b09442a1d0 Exception <a 'java/lang/ArrayIndexOutOfBoundsException'{0x00000000c7367a08}> (0x00000000c7367a08) 
thrown [s\open\src\hotspot\share\runtime\sharedRuntime.cpp, line 628]
Event: 1128.999 Thread 0x000000b09452e120 Exception <a 'java/lang/ArrayIndexOutOfBoundsException'{0x00000000c7077468}> (0x00000000c7077468) 
thrown [s\open\src\hotspot\share\runtime\sharedRuntime.cpp, line 628]
Event: 1128.999 Thread 0x000000b09452e120 Exception <a 'java/lang/ArrayIndexOutOfBoundsException'{0x00000000c7078000}> (0x00000000c7078000) 
thrown [s\open\src\hotspot\share\runtime\sharedRuntime.cpp, line 628]
Event: 1130.408 Thread 0x000000b09442a1d0 Exception <a 'java/lang/ArrayIndexOutOfBoundsException'{0x00000000c4318260}> (0x00000000c4318260) 
thrown [s\open\src\hotspot\share\runtime\sharedRuntime.cpp, line 628]
Event: 1130.541 Thread 0x000000b09452e120 Exception <a 'java/lang/ArrayIndexOutOfBoundsException'{0x00000000c3a805a8}> (0x00000000c3a805a8) 
thrown [s\open\src\hotspot\share\runtime\sharedRuntime.cpp, line 628]
Event: 1132.169 Thread 0x000000b093e0ac30 Exception <a 'java/lang/ArrayIndexOutOfBoundsException'{0x00000000c7896db8}> (0x00000000c7896db8) 
thrown [s\open\src\hotspot\share\runtime\sharedRuntime.cpp, line 628]
Event: 1132.301 Thread 0x000000b094428e90 Exception <a 'java/lang/ArrayIndexOutOfBoundsException'{0x00000000c4a055f8}> (0x00000000c4a055f8) 
thrown [s\open\src\hotspot\share\runtime\sharedRuntime.cpp, line 628]
Event: 1132.301 Thread 0x000000b094428e90 Exception <a 'java/lang/ArrayIndexOutOfBoundsException'{0x00000000c4a06188}> (0x00000000c4a06188) 
thrown [s\open\src\hotspot\share\runtime\sharedRuntime.cpp, line 628]
Event: 1132.352 Thread 0x000000b093e11fb0 Exception <a 'java/lang/ArrayIndexOutOfBoundsException'{0x00000000c699bb28}> (0x00000000c699bb28) 
thrown [s\open\src\hotspot\share\runtime\sharedRuntime.cpp, line 628]
Event: 1132.352 Thread 0x000000b093e11fb0 Exception <a 'java/lang/ArrayIndexOutOfBoundsException'{0x00000000c699c6b8}> (0x00000000c699c6b8) 
thrown [s\open\src\hotspot\share\runtime\sharedRuntime.cpp, line 628]
Event: 1132.390 Thread 0x000000b093e07270 Exception <a 'java/lang/ArrayIndexOutOfBoundsException'{0x00000000c468bac0}> (0x00000000c468bac0) 
thrown [s\open\src\hotspot\share\runtime\sharedRuntime.cpp, line 628]
Event: 1132.390 Thread 0x000000b093e07270 Exception <a 'java/lang/ArrayIndexOutOfBoundsException'{0x00000000c468c678}> (0x00000000c468c678) 
thrown [s\open\src\hotspot\share\runtime\sharedRuntime.cpp, line 628]

VM Operations (20 events):
Event: 1117.100 Executing VM operation: G1CollectFull done
Event: 1120.585 Executing VM operation: G1CollectForAllocation
Event: 1120.588 Executing VM operation: G1CollectForAllocation done
Event: 1122.068 Executing VM operation: G1CollectForAllocation
Event: 1122.071 Executing VM operation: G1CollectForAllocation done
Event: 1124.267 Executing VM operation: G1CollectForAllocation
Event: 1124.274 Executing VM operation: G1CollectForAllocation done
Event: 1124.303 Executing VM operation: G1CollectFull
Event: 1124.358 Executing VM operation: G1CollectFull done
Event: 1128.013 Executing VM operation: G1CollectForAllocation
Event: 1128.016 Executing VM operation: G1CollectForAllocation done
Event: 1130.016 Executing VM operation: Cleanup
Event: 1130.016 Executing VM operation: Cleanup done
Event: 1130.542 Executing VM operation: G1CollectForAllocation
Event: 1132.154 Executing VM operation: G1CollectForAllocation done
Event: 1132.241 Executing VM operation: G1CollectForAllocation
Event: 1132.243 Executing VM operation: G1CollectForAllocation done
Event: 1132.315 Executing VM operation: G1CollectForAllocation
Event: 1132.318 Executing VM operation: G1CollectForAllocation done
Event: 1132.403 Executing VM operation: G1CollectForAllocation

Events (20 events):
Event: 1097.063 Thread 0x000000b09452bf70 Thread exited: 0x000000b09452bf70
Event: 1097.063 Thread 0x000000b094531fb0 Thread exited: 0x000000b094531fb0
Event: 1102.253 Thread 0x000000b0945307a0 Thread exited: 0x000000b0945307a0
Event: 1102.255 Thread 0x000000b094532480 Thread exited: 0x000000b094532480
Event: 1107.258 Thread 0x000000b09452bf70 Thread added: 0x000000b09452bf70
Event: 1107.259 Thread 0x000000b094531610 Thread added: 0x000000b094531610
Event: 1111.050 Thread 0x000000b0945307a0 Thread added: 0x000000b0945307a0
Event: 1111.051 Thread 0x000000b094532480 Thread added: 0x000000b094532480
Event: 1113.298 Thread 0x000000b094531610 Thread exited: 0x000000b094531610
Event: 1113.400 Thread 0x000000b09452bf70 Thread exited: 0x000000b09452bf70
Event: 1117.101 Thread 0x000000b0945307a0 Thread exited: 0x000000b0945307a0
Event: 1117.103 Thread 0x000000b094532480 Thread exited: 0x000000b094532480
Event: 1118.359 Thread 0x000000b09452bf70 Thread added: 0x000000b09452bf70
Event: 1118.360 Thread 0x000000b094531610 Thread added: 0x000000b094531610
Event: 1124.263 Thread 0x000000b094531610 Thread exited: 0x000000b094531610
Event: 1124.359 Thread 0x000000b09452bf70 Thread exited: 0x000000b09452bf70
Event: 1129.329 Thread 0x000000b09452bf70 Thread added: 0x000000b09452bf70
Event: 1129.329 Thread 0x000000b094531610 Thread added: 0x000000b094531610
Event: 1131.132 Thread 0x000000b094531fb0 Thread added: 0x000000b094531fb0
Event: 1132.182 Thread 0x000000b094532480 Thread added: 0x000000b094532480


Dynamic libraries:
0x00007ff64e710000 - 0x00007ff64e720000 	C:\Program Files\Java\jdk-17\bin\java.exe
0x00007ffe45070000 - 0x00007ffe4521d000 	C:\Windows\SYSTEM32\ntdll.dll
0x00007ffe446d0000 - 0x00007ffe4480f000 	C:\Windows\system32\KERNEL32.DLL
0x00007ffe425d0000 - 0x00007ffe426e5000 	C:\Windows\system32\KERNELBASE.dll
0x00007ffe2eba0000 - 0x00007ffe2ebb9000 	C:\Program Files\Java\jdk-17\bin\jli.dll
0x00007ffe3d750000 - 0x00007ffe3d76b000 	C:\Program Files\Java\jdk-17\bin\VCRUNTIME140.dll
0x00007ffe3e2b0000 - 0x00007ffe3e2b4000 	C:\Program Files\Java\jdk-17\bin\api-ms-win-crt-stdio-l1-1-0.dll
0x00007ffe3b550000 - 0x00007ffe3b554000 	C:\Program Files\Java\jdk-17\bin\api-ms-win-crt-runtime-l1-1-0.dll
0x00007ffe3b4c0000 - 0x00007ffe3b4c3000 	C:\Program Files\Java\jdk-17\bin\api-ms-win-crt-environment-l1-1-0.dll
0x00007ffe3d700000 - 0x00007ffe3d705000 	C:\Program Files\Java\jdk-17\bin\api-ms-win-crt-math-l1-1-0.dll
0x00007ffe3a500000 - 0x00007ffe3a503000 	C:\Program Files\Java\jdk-17\bin\api-ms-win-crt-locale-l1-1-0.dll
0x00007ffe3b490000 - 0x00007ffe3b493000 	C:\Program Files\Java\jdk-17\bin\api-ms-win-crt-heap-l1-1-0.dll
0x00007ffe44da0000 - 0x00007ffe44e4a000 	C:\Windows\system32\ADVAPI32.dll
0x00007ffe3ec00000 - 0x00007ffe3ee7b000 	C:\Windows\WinSxS\amd64_microsoft.windows.common-controls_6595b64144ccf1df_6.0.9600.19394_none_62486577ecb635cf\COMCTL32.dll
0x00007ffe43de0000 - 0x00007ffe43f57000 	C:\Windows\system32\USER32.dll
0x00007ffe3cbd0000 - 0x00007ffe3cbda000 	C:\Windows\SYSTEM32\VERSION.dll
0x00007ffe3b4b0000 - 0x00007ffe3b4b3000 	C:\Program Files\Java\jdk-17\bin\api-ms-win-crt-filesystem-l1-1-0.dll
0x00007ffe3d740000 - 0x00007ffe3d744000 	C:\Program Files\Java\jdk-17\bin\api-ms-win-crt-string-l1-1-0.dll
0x00007ffe3b4d0000 - 0x00007ffe3b4d4000 	C:\Program Files\Java\jdk-17\bin\api-ms-win-crt-convert-l1-1-0.dll
0x00007ffe43f60000 - 0x00007ffe4400a000 	C:\Windows\system32\msvcrt.dll
0x00007ffe44390000 - 0x00007ffe443e8000 	C:\Windows\SYSTEM32\sechost.dll
0x00007ffe44010000 - 0x00007ffe4414f000 	C:\Windows\system32\RPCRT4.dll
0x00007ffe44150000 - 0x00007ffe4429e000 	C:\Windows\system32\GDI32.dll
0x00007ffe38f90000 - 0x00007ffe39090000 	C:\Program Files\Java\jdk-17\bin\ucrtbase.DLL
0x00007ffe425a0000 - 0x00007ffe425ce000 	C:\Windows\system32\SspiCli.dll
0x00007ffe43da0000 - 0x00007ffe43dd6000 	C:\Windows\system32\IMM32.DLL
0x00007ffe43c30000 - 0x00007ffe43d81000 	C:\Windows\system32\MSCTF.dll
0x00007ffe3fa30000 - 0x00007ffe3fa3c000 	C:\Program Files\Java\jdk-17\bin\vcruntime140_1.dll
0x00007ffe38f00000 - 0x00007ffe38f8e000 	C:\Program Files\Java\jdk-17\bin\msvcp140.dll
0x00007ffe3b4a0000 - 0x00007ffe3b4a3000 	C:\Program Files\Java\jdk-17\bin\api-ms-win-crt-time-l1-1-0.dll
0x00007ffe3b560000 - 0x00007ffe3b563000 	C:\Program Files\Java\jdk-17\bin\api-ms-win-crt-utility-l1-1-0.dll
0x00007ffe21c10000 - 0x00007ffe227ee000 	C:\Program Files\Java\jdk-17\bin\server\jvm.dll
0x00007ffe3bfc0000 - 0x00007ffe3bfc9000 	C:\Windows\SYSTEM32\WSOCK32.dll
0x00007ffe3df90000 - 0x00007ffe3dfb2000 	C:\Windows\SYSTEM32\WINMM.dll
0x00007ffe43d90000 - 0x00007ffe43d97000 	C:\Windows\system32\PSAPI.DLL
0x00007ffe442c0000 - 0x00007ffe4431a000 	C:\Windows\system32\WS2_32.dll
0x00007ffe3ddb0000 - 0x00007ffe3ddda000 	C:\Windows\SYSTEM32\WINMMBASE.dll
0x00007ffe43c20000 - 0x00007ffe43c29000 	C:\Windows\system32\NSI.dll
0x00007ffe424a0000 - 0x00007ffe424ef000 	C:\Windows\SYSTEM32\cfgmgr32.dll
0x00007ffe410c0000 - 0x00007ffe410e8000 	C:\Windows\SYSTEM32\DEVOBJ.dll
0x00007ffe3b440000 - 0x00007ffe3b44a000 	C:\Program Files\Java\jdk-17\bin\jimage.dll
0x00007ffe3f7f0000 - 0x00007ffe3f979000 	C:\Windows\SYSTEM32\DBGHELP.DLL
0x00007ffe3b010000 - 0x00007ffe3b035000 	C:\Program Files\Java\jdk-17\bin\java.dll
0x00007ffe21b30000 - 0x00007ffe21c07000 	C:\Program Files\Java\jdk-17\bin\jsvml.dll
0x00007ffe426f0000 - 0x00007ffe43c1e000 	C:\Windows\system32\SHELL32.dll
0x00007ffe44e50000 - 0x00007ffe45061000 	C:\Windows\SYSTEM32\combase.dll
0x00007ffe445b0000 - 0x00007ffe44604000 	C:\Windows\system32\SHLWAPI.dll
0x00007ffe3f6f0000 - 0x00007ffe3f7a2000 	C:\Windows\SYSTEM32\SHCORE.dll
0x00007ffe42190000 - 0x00007ffe421a5000 	C:\Windows\SYSTEM32\profapi.dll
0x00007ffe3b1d0000 - 0x00007ffe3b1e9000 	C:\Program Files\Java\jdk-17\bin\net.dll
0x00007ffe3de50000 - 0x00007ffe3df19000 	C:\Windows\SYSTEM32\WINHTTP.dll
0x00007ffe419d0000 - 0x00007ffe41a29000 	C:\Windows\system32\mswsock.dll
0x00007ffe3a850000 - 0x00007ffe3a866000 	C:\Program Files\Java\jdk-17\bin\nio.dll
0x00007ffe39310000 - 0x00007ffe39328000 	C:\Program Files\Java\jdk-17\bin\zip.dll
0x00007ffe3b310000 - 0x00007ffe3b320000 	C:\Program Files\Java\jdk-17\bin\verify.dll
0x00007ffe417d0000 - 0x00007ffe41874000 	C:\Windows\SYSTEM32\DNSAPI.dll
0x00007ffe3b710000 - 0x00007ffe3b71a000 	C:\Windows\System32\rasadhlp.dll
0x00007ffe3dde0000 - 0x00007ffe3de4b000 	C:\Windows\System32\fwpuclnt.dll
0x00007ffe41a30000 - 0x00007ffe41a50000 	C:\Windows\SYSTEM32\CRYPTSP.dll
0x00007ffe41670000 - 0x00007ffe416a6000 	C:\Windows\system32\rsaenh.dll
0x00007ffe41c70000 - 0x00007ffe41c96000 	C:\Windows\SYSTEM32\bcrypt.dll
0x00007ffe41760000 - 0x00007ffe41781000 	C:\Windows\SYSTEM32\USERENV.dll
0x00007ffe41f90000 - 0x00007ffe41ff3000 	C:\Windows\system32\bcryptprimitives.dll
0x00007ffe42060000 - 0x00007ffe4206b000 	C:\Windows\SYSTEM32\CRYPTBASE.dll
0x00007ffe3e250000 - 0x00007ffe3e27a000 	C:\Windows\SYSTEM32\IPHLPAPI.DLL
0x00007ffe3e120000 - 0x00007ffe3e12a000 	C:\Windows\SYSTEM32\WINNSI.DLL
0x00007ffe3e6a0000 - 0x00007ffe3e6b6000 	C:\Windows\SYSTEM32\dhcpcsvc6.DLL
0x00007ffe3e520000 - 0x00007ffe3e53a000 	C:\Windows\SYSTEM32\dhcpcsvc.DLL
0x00007ffe3f400000 - 0x00007ffe3f415000 	C:\Windows\system32\napinsp.dll
0x00007ffe3e070000 - 0x00007ffe3e08b000 	C:\Windows\system32\NLAapi.dll
0x00007ffe3f610000 - 0x00007ffe3f61d000 	C:\Windows\System32\winrnr.dll
0x00007ffe3a4d0000 - 0x00007ffe3a4d7000 	C:\Program Files\Java\jdk-17\bin\rmi.dll

dbghelp: loaded successfully - version: 4.0.5 - missing functions: none
symbol engine: initialized successfully - sym options: 0x614 - pdb path: .;C:\Program Files\Java\jdk-17\bin;C:\Windows\SYSTEM32;C:\Windows\WinSxS\amd64_microsoft.windows.common-controls_6595b64144ccf1df_6.0.9600.19394_none_62486577ecb635cf;C:\Program Files\Java\jdk-17\bin\server

VM Arguments:
java_command: threading.Server
java_class_path (initial): C:\Users\Administrator\Downloads\src apollo\HOKAGE\target\classes;C:\Users\Administrator\.m2\repository\com\googlecode\json-simple\json-simple\1.1\json-simple-1.1.jar;C:\Users\Administrator\.m2\repository\mysql\mysql-connector-java\5.1.49\mysql-connector-java-5.1.49.jar;C:\Users\Administrator\.m2\repository\com\zaxxer\HikariCP\3.4.5\HikariCP-3.4.5.jar;C:\Users\Administrator\.m2\repository\org\slf4j\slf4j-api\1.7.32\slf4j-api-1.7.32.jar;C:\Users\Administrator\.m2\repository\org\slf4j\slf4j-simple\1.7.32\slf4j-simple-1.7.32.jar;C:\Users\Administrator\.m2\repository\com\fasterxml\jackson\core\jackson-databind\2.12.5\jackson-databind-2.12.5.jar;C:\Users\Administrator\.m2\repository\com\fasterxml\jackson\core\jackson-annotations\2.12.5\jackson-annotations-2.12.5.jar;C:\Users\Administrator\.m2\repository\com\fasterxml\jackson\core\jackson-core\2.12.5\jackson-core-2.12.5.jar;C:\Users\Administrator\.m2\repository\com\github\wvengen\proguard-maven-plugin\2.5.1\proguard-maven-plugin-2.5.1.jar;C:\Users\Administrator\.m2\repository\org\apache\ant\ant\1.10.11\ant-1.10.11.jar;C:\Users\Administrator\.m2\repository\org\apache\ant\ant-launcher\1.10.11\ant-launcher-1.10.11.jar;C:\Users\Administrator\.m2\repository\org\apache\maven\maven-archiver\2.4\maven-archiver-2.4.jar;C:\Users\Administrator\.m2\repository\org\apache\maven\maven-artifact\2.0\maven-artifact-2.0.jar;C:\Users\Administrator\.m2\repository\org\apache\maven\maven-model\2.0\maven-model-2.0.jar;C:\Users\Administrator\.m2\repository\org\apache\maven\maven-project\2.0\maven-project-2.0.jar;C:\Users\Administrator\.m2\repository\org\apache\maven\maven-profile\2.0\maven-profile-2.0.jar;C:\Users\Administrator\.m2\repository\org\apache\maven\maven-artifact-manager\2.0\maven-artifact-manager-2.0.jar;C:\Users\Administrator\.m2\repository\org\apache\maven\maven-repository-metadata\2.0\maven-repository-metadata-2.0.jar;C:\Users\Administrator\.m2\repository\org\apache\maven\wagon\wagon-provider-api\1.0-al
Launcher Type: SUN_STANDARD

[Global flags]
     intx CICompilerCount                          = 2                                         {product} {ergonomic}
     uint ConcGCThreads                            = 1                                         {product} {ergonomic}
     uint G1ConcRefinementThreads                  = 2                                         {product} {ergonomic}
   size_t G1HeapRegionSize                         = 1048576                                   {product} {ergonomic}
    uintx GCDrainStackTargetSize                   = 64                                        {product} {ergonomic}
   size_t InitialHeapSize                          = 67108864                                  {product} {ergonomic}
   size_t MarkStackSize                            = 4194304                                   {product} {ergonomic}
   size_t MaxHeapSize                              = 1073741824                                {product} {ergonomic}
   size_t MaxNewSize                               = 643825664                                 {product} {ergonomic}
   size_t MinHeapDeltaBytes                        = 1048576                                   {product} {ergonomic}
   size_t MinHeapSize                              = 8388608                                   {product} {ergonomic}
    uintx NonNMethodCodeHeapSize                   = 5826188                                {pd product} {ergonomic}
    uintx NonProfiledCodeHeapSize                  = 122916026                              {pd product} {ergonomic}
    uintx ProfiledCodeHeapSize                     = 122916026                              {pd product} {ergonomic}
    uintx ReservedCodeCacheSize                    = 251658240                              {pd product} {ergonomic}
     bool SegmentedCodeCache                       = true                                      {product} {ergonomic}
   size_t SoftMaxHeapSize                          = 1073741824                             {manageable} {ergonomic}
     bool UseCompressedClassPointers               = true                           {product lp64_product} {ergonomic}
     bool UseCompressedOops                        = true                           {product lp64_product} {ergonomic}
     bool UseG1GC                                  = true                                      {product} {ergonomic}
     bool UseLargePagesIndividualAllocation        = false                                  {pd product} {ergonomic}

Logging:
Log output configuration:
 #0: stdout all=warning uptime,level,tags
 #1: stderr all=off uptime,level,tags

Environment Variables:
JAVA_HOME=C:\Program Files\Java\jdk-17
PATH=C:\Program Files\Common Files\Oracle\Java\javapath;C:\Windows\system32;C:\Windows;C:\Windows\System32\Wbem;C:\Windows\System32\WindowsPowerShell\v1.0\
USERNAME=Administrator
OS=Windows_NT
PROCESSOR_IDENTIFIER=Intel64 Family 6 Model 79 Stepping 1, GenuineIntel



---------------  S Y S T E M  ---------------

OS:
 Windows Server 2012 R2 , 64 bit Build 9600 (6.3.9600.19843)
OS uptime: 25 days 9:20 hours
VMWare virtualization detected

CPU: total 2 (initial active 2) (1 cores per cpu, 1 threads per core) family 6 model 79 stepping 1 microcode 0xb000040, cx8, cmov, fxsr, mmx, 3dnowpref, sse, sse2, sse3, ssse3, sse4.1, sse4.2, popcnt, lzcnt, tsc, tscinvbit, avx, avx2, aes, erms, clmul, bmi1, bmi2, adx, fma, vzeroupper, clflush, hv

Memory: 4k page, system-wide physical 4095M (287M free)
TotalPageFile size 7167M (AvailPageFile size 160M)
current process WorkingSet (physical memory assigned to process): 319M, peak: 441M
current process commit charge ("private bytes"): 353M, peak: 627M

vm_info: Java HotSpot(TM) 64-Bit Server VM (17.0.8+9-LTS-211) for windows-amd64 JRE (17.0.8+9-LTS-211), built on Jun 14 2023 10:34:31 by "mach5one" with MS VC++ 17.1 (VS2022)

END.
