#
# There is insufficient memory for the Java Runtime Environment to continue.
# Native memory allocation (mmap) failed to map 1073741824 bytes for G1 virtual space
# Possible reasons:
#   The system is out of physical RAM or swap space
#   The process is running with CompressedOops enabled, and the Java Heap may be blocking the growth of the native heap
# Possible solutions:
#   Reduce memory load on the system
#   Increase physical memory or swap space
#   Check if swap backing store is full
#   Decrease Java heap size (-Xmx/-Xms)
#   Decrease number of Java threads
#   Decrease Java thread stack sizes (-Xss)
#   Set larger code cache with -XX:ReservedCodeCacheSize=
#   JVM is running with Zero Based Compressed Oops mode in which the Java heap is
#     placed in the first 32GB address space. The Java Heap base address is the
#     maximum limit for the native heap growth. Please use -XX:HeapBaseMinAddress
#     to set the Java Heap base and to place the Java Heap above 32GB virtual address.
# This output file may be truncated or incomplete.
#
#  Out of Memory Error (os_windows.cpp:3550), pid=8748, tid=7412
#
# JRE version:  (17.0.8+9) (build )
# Java VM: Java HotSpot(TM) 64-Bit Server VM (17.0.8+9-LTS-211, mixed mode, sharing, tiered, compressed oops, compressed class ptrs, g1 gc, windows-amd64)
# Core dump will be written. Default location: C:\Users\Administrator\Downloads\src apollo\HOKAGE\hs_err_pid8748.mdmp
#

---------------  S U M M A R Y ------------

Command Line: -Xms1024M -Xmx8192M -XX:MaxHeapFreeRatio=50 target\\NinjaServer.jar

Host: Intel(R) Xeon(R) CPU E5-2696 v4 @ 2.20GHz, 2 cores, 3G,  Windows Server 2012 R2 , 64 bit Build 9600 (6.3.9600.19843)
Time: Wed Sep 20 08:09:04 2023 SE Asia Standard Time elapsed time: 0.013424 seconds (0d 0h 0m 0s)

---------------  T H R E A D  ---------------

Current thread (0x0000004db5c90270):  JavaThread "Unknown thread" [_thread_in_vm, id=7412, stack(0x0000004db3bd0000,0x0000004db3cd0000)]

Stack: [0x0000004db3bd0000,0x0000004db3cd0000]
Native frames: (J=compiled Java code, j=interpreted, Vv=VM code, C=native code)
V  [jvm.dll+0x677d0a]
V  [jvm.dll+0x7d8c54]
V  [jvm.dll+0x7da3fe]
V  [jvm.dll+0x7daa63]
V  [jvm.dll+0x245c5f]
V  [jvm.dll+0x674bb9]
V  [jvm.dll+0x6694f2]
V  [jvm.dll+0x3031d6]
V  [jvm.dll+0x30a756]
V  [jvm.dll+0x359f9e]
V  [jvm.dll+0x35a1cf]
V  [jvm.dll+0x2da3e8]
V  [jvm.dll+0x2db354]
V  [jvm.dll+0x7aa711]
V  [jvm.dll+0x367b51]
V  [jvm.dll+0x789979]
V  [jvm.dll+0x3eb05f]
V  [jvm.dll+0x3ecae1]
C  [jli.dll+0x5297]
C  [ucrtbase.DLL+0x214c2]
C  [KERNEL32.DLL+0x13f2]
C  [ntdll.dll+0x154f4]


---------------  P R O C E S S  ---------------

Threads class SMR info:
_java_thread_list=0x00007ffe226c59d8, length=0, elements={
}

Java Threads: ( => current thread )

Other Threads:
  0x0000004db5d3d990 GCTaskThread "GC Thread#0" [stack: 0x0000004db5890000,0x0000004db5990000] [id=5016]
  0x0000004db59a09c0 ConcurrentGCThread "G1 Main Marker" [stack: 0x0000004ddf510000,0x0000004ddf610000] [id=7548]
  0x0000004db59a1f90 ConcurrentGCThread "G1 Conc#0" [stack: 0x0000004ddf610000,0x0000004ddf710000] [id=8952]

[error occurred during error reporting (printing all threads), id 0xc0000005, EXCEPTION_ACCESS_VIOLATION (0xc0000005) at pc=0x00007ffe21efb047]

VM state: not at safepoint (not fully initialized)

VM Mutex/Monitor currently owned by a thread:  ([mutex/lock_event])
[0x0000004db5c8afb0] Heap_lock - owner thread: 0x0000004db5c90270

Heap address: 0x0000000600000000, size: 8192 MB, Compressed Oops mode: Zero based, Oop shift amount: 3

CDS archive(s) mapped at: [0x0000000000000000-0x0000000000000000-0x0000000000000000), size 0, SharedBaseAddress: 0x0000000800000000, ArchiveRelocationMode: 1.
Narrow klass base: 0x0000000000000000, Narrow klass shift: 0, Narrow klass range: 0x0

GC Precious Log:
<Empty>

Heap:
 garbage-first heap   total 0K, used 0K [0x0000000600000000, 0x0000000800000000)
  region size 4096K, 0 young (0K), 0 survivors (0K)

[error occurred during error reporting (printing heap information), id 0xc0000005, EXCEPTION_ACCESS_VIOLATION (0xc0000005) at pc=0x00007ffe222e1499]

GC Heap History (0 events):
No events

Deoptimization events (0 events):
No events

Classes unloaded (0 events):
No events

Classes redefined (0 events):
No events

Internal exceptions (0 events):
No events

VM Operations (0 events):
No events

Events (1 events):
Event: 0.004 Loaded shared library C:\Program Files\Java\jdk-17\bin\java.dll


Dynamic libraries:
0x00007ff64e710000 - 0x00007ff64e720000 	C:\Program Files\Java\jdk-17\bin\java.exe
0x00007ffe45070000 - 0x00007ffe4521d000 	C:\Windows\SYSTEM32\ntdll.dll
0x00007ffe446d0000 - 0x00007ffe4480f000 	C:\Windows\system32\KERNEL32.DLL
0x00007ffe425d0000 - 0x00007ffe426e5000 	C:\Windows\system32\KERNELBASE.dll
0x00007ffe2eba0000 - 0x00007ffe2ebb9000 	C:\Program Files\Java\jdk-17\bin\jli.dll
0x00007ffe3d750000 - 0x00007ffe3d76b000 	C:\Program Files\Java\jdk-17\bin\VCRUNTIME140.dll
0x00007ffe3e2b0000 - 0x00007ffe3e2b4000 	C:\Program Files\Java\jdk-17\bin\api-ms-win-crt-stdio-l1-1-0.dll
0x00007ffe3b550000 - 0x00007ffe3b554000 	C:\Program Files\Java\jdk-17\bin\api-ms-win-crt-runtime-l1-1-0.dll
0x00007ffe3b4c0000 - 0x00007ffe3b4c3000 	C:\Program Files\Java\jdk-17\bin\api-ms-win-crt-environment-l1-1-0.dll
0x00007ffe3d700000 - 0x00007ffe3d705000 	C:\Program Files\Java\jdk-17\bin\api-ms-win-crt-math-l1-1-0.dll
0x00007ffe3a500000 - 0x00007ffe3a503000 	C:\Program Files\Java\jdk-17\bin\api-ms-win-crt-locale-l1-1-0.dll
0x00007ffe3b490000 - 0x00007ffe3b493000 	C:\Program Files\Java\jdk-17\bin\api-ms-win-crt-heap-l1-1-0.dll
0x00007ffe44da0000 - 0x00007ffe44e4a000 	C:\Windows\system32\ADVAPI32.dll
0x00007ffe3ec00000 - 0x00007ffe3ee7b000 	C:\Windows\WinSxS\amd64_microsoft.windows.common-controls_6595b64144ccf1df_6.0.9600.19394_none_62486577ecb635cf\COMCTL32.dll
0x00007ffe43de0000 - 0x00007ffe43f57000 	C:\Windows\system32\USER32.dll
0x00007ffe3cbd0000 - 0x00007ffe3cbda000 	C:\Windows\SYSTEM32\VERSION.dll
0x00007ffe3b4b0000 - 0x00007ffe3b4b3000 	C:\Program Files\Java\jdk-17\bin\api-ms-win-crt-filesystem-l1-1-0.dll
0x00007ffe3d740000 - 0x00007ffe3d744000 	C:\Program Files\Java\jdk-17\bin\api-ms-win-crt-string-l1-1-0.dll
0x00007ffe3b4d0000 - 0x00007ffe3b4d4000 	C:\Program Files\Java\jdk-17\bin\api-ms-win-crt-convert-l1-1-0.dll
0x00007ffe43f60000 - 0x00007ffe4400a000 	C:\Windows\system32\msvcrt.dll
0x00007ffe44390000 - 0x00007ffe443e8000 	C:\Windows\SYSTEM32\sechost.dll
0x00007ffe44010000 - 0x00007ffe4414f000 	C:\Windows\system32\RPCRT4.dll
0x00007ffe44150000 - 0x00007ffe4429e000 	C:\Windows\system32\GDI32.dll
0x00007ffe38f90000 - 0x00007ffe39090000 	C:\Program Files\Java\jdk-17\bin\ucrtbase.DLL
0x00007ffe425a0000 - 0x00007ffe425ce000 	C:\Windows\system32\SspiCli.dll
0x00007ffe43da0000 - 0x00007ffe43dd6000 	C:\Windows\system32\IMM32.DLL
0x00007ffe43c30000 - 0x00007ffe43d81000 	C:\Windows\system32\MSCTF.dll
0x00007ffe3fa30000 - 0x00007ffe3fa3c000 	C:\Program Files\Java\jdk-17\bin\vcruntime140_1.dll
0x00007ffe38f00000 - 0x00007ffe38f8e000 	C:\Program Files\Java\jdk-17\bin\msvcp140.dll
0x00007ffe3b4a0000 - 0x00007ffe3b4a3000 	C:\Program Files\Java\jdk-17\bin\api-ms-win-crt-time-l1-1-0.dll
0x00007ffe3b560000 - 0x00007ffe3b563000 	C:\Program Files\Java\jdk-17\bin\api-ms-win-crt-utility-l1-1-0.dll
0x00007ffe21c10000 - 0x00007ffe227ee000 	C:\Program Files\Java\jdk-17\bin\server\jvm.dll
0x00007ffe3bfc0000 - 0x00007ffe3bfc9000 	C:\Windows\SYSTEM32\WSOCK32.dll
0x00007ffe3df90000 - 0x00007ffe3dfb2000 	C:\Windows\SYSTEM32\WINMM.dll
0x00007ffe43d90000 - 0x00007ffe43d97000 	C:\Windows\system32\PSAPI.DLL
0x00007ffe442c0000 - 0x00007ffe4431a000 	C:\Windows\system32\WS2_32.dll
0x00007ffe3ddb0000 - 0x00007ffe3ddda000 	C:\Windows\SYSTEM32\WINMMBASE.dll
0x00007ffe43c20000 - 0x00007ffe43c29000 	C:\Windows\system32\NSI.dll
0x00007ffe424a0000 - 0x00007ffe424ef000 	C:\Windows\SYSTEM32\cfgmgr32.dll
0x00007ffe410c0000 - 0x00007ffe410e8000 	C:\Windows\SYSTEM32\DEVOBJ.dll
0x00007ffe3b440000 - 0x00007ffe3b44a000 	C:\Program Files\Java\jdk-17\bin\jimage.dll
0x00007ffe3f7f0000 - 0x00007ffe3f979000 	C:\Windows\SYSTEM32\DBGHELP.DLL
0x00007ffe3b010000 - 0x00007ffe3b035000 	C:\Program Files\Java\jdk-17\bin\java.dll

dbghelp: loaded successfully - version: 4.0.5 - missing functions: none
symbol engine: initialized successfully - sym options: 0x614 - pdb path: .;C:\Program Files\Java\jdk-17\bin;C:\Windows\SYSTEM32;C:\Windows\WinSxS\amd64_microsoft.windows.common-controls_6595b64144ccf1df_6.0.9600.19394_none_62486577ecb635cf;C:\Program Files\Java\jdk-17\bin\server

VM Arguments:
jvm_args: -Xms1024M -Xmx8192M -XX:MaxHeapFreeRatio=50 
java_command: target\\NinjaServer.jar
java_class_path (initial): target\\NinjaServer.jar
Launcher Type: SUN_STANDARD

[Global flags]
     intx CICompilerCount                          = 2                                         {product} {ergonomic}
     uint ConcGCThreads                            = 1                                         {product} {ergonomic}
     uint G1ConcRefinementThreads                  = 2                                         {product} {ergonomic}
   size_t G1HeapRegionSize                         = 4194304                                   {product} {ergonomic}
    uintx GCDrainStackTargetSize                   = 64                                        {product} {ergonomic}
   size_t InitialHeapSize                          = 1073741824                                {product} {command line}
   size_t MarkStackSize                            = 4194304                                   {product} {ergonomic}
    uintx MaxHeapFreeRatio                         = 50                                     {manageable} {command line}
   size_t MaxHeapSize                              = 8589934592                                {product} {command line}
   size_t MinHeapDeltaBytes                        = 4194304                                   {product} {ergonomic}
   size_t MinHeapSize                              = 1073741824                                {product} {command line}
    uintx NonNMethodCodeHeapSize                   = 5826188                                {pd product} {ergonomic}
    uintx NonProfiledCodeHeapSize                  = 122916026                              {pd product} {ergonomic}
    uintx ProfiledCodeHeapSize                     = 122916026                              {pd product} {ergonomic}
    uintx ReservedCodeCacheSize                    = 251658240                              {pd product} {ergonomic}
     bool SegmentedCodeCache                       = true                                      {product} {ergonomic}
   size_t SoftMaxHeapSize                          = 8589934592                             {manageable} {ergonomic}
     bool UseCompressedClassPointers               = true                           {product lp64_product} {ergonomic}
     bool UseCompressedOops                        = true                           {product lp64_product} {ergonomic}
     bool UseG1GC                                  = true                                      {product} {ergonomic}
     bool UseLargePagesIndividualAllocation        = false                                  {pd product} {ergonomic}

Logging:
Log output configuration:
 #0: stdout all=warning uptime,level,tags
 #1: stderr all=off uptime,level,tags

Environment Variables:
PATH=C:\Program Files\Common Files\Oracle\Java\javapath;C:\Windows\system32;C:\Windows;C:\Windows\System32\Wbem;C:\Windows\System32\WindowsPowerShell\v1.0\
USERNAME=Administrator
OS=Windows_NT
PROCESSOR_IDENTIFIER=Intel64 Family 6 Model 79 Stepping 1, GenuineIntel



---------------  S Y S T E M  ---------------

OS:
 Windows Server 2012 R2 , 64 bit Build 9600 (6.3.9600.19843)
OS uptime: 25 days 20:38 hours
VMWare virtualization detected

CPU: total 2 (initial active 2) (1 cores per cpu, 1 threads per core) family 6 model 79 stepping 1 microcode 0xb000040, cx8, cmov, fxsr, mmx, 3dnowpref, sse, sse2, sse3, ssse3, sse4.1, sse4.2, popcnt, lzcnt, tsc, tscinvbit, avx, avx2, aes, erms, clmul, bmi1, bmi2, adx, fma, vzeroupper, clflush, hv

Memory: 4k page, system-wide physical 4095M (1161M free)
TotalPageFile size 7038M (AvailPageFile size 2906M)
current process WorkingSet (physical memory assigned to process): 9M, peak: 9M
current process commit charge ("private bytes"): 48M, peak: 1073M

vm_info: Java HotSpot(TM) 64-Bit Server VM (17.0.8+9-LTS-211) for windows-amd64 JRE (17.0.8+9-LTS-211), built on Jun 14 2023 10:34:31 by "mach5one" with MS VC++ 17.1 (VS2022)

END.
